2025-12-04 16:19:30 [INFO] axes.apps:53 AXES: BEGIN version 8.0.0, blocking by ip_address
2025-12-04 16:19:31 [INFO] axes.apps:53 AXES: BEGIN version 8.0.0, blocking by ip_address
2025-12-04 16:19:31 [INFO] django.utils.autoreload:667 Watching for file changes with StatReloader
2025-12-04 16:19:51 [INFO] django.server:213 "GET / HTTP/1.1" 200 23087
2025-12-04 16:19:51 [INFO] django.server:213 "GET /static/home/home.css HTTP/1.1" 304 0
2025-12-04 16:19:51 [INFO] django.server:213 "GET /static/home/home20251127.js HTTP/1.1" 304 0
2025-12-04 16:19:51 [INFO] django.server:213 "GET /static/common/base.css HTTP/1.1" 304 0
2025-12-04 16:19:52 [WARNING] django.request:253 Not Found: /favicon.ico
2025-12-04 16:19:52 [WARNING] django.server:213 "GET /favicon.ico HTTP/1.1" 404 2818
2025-12-04 16:19:53 [INFO] django.server:213 "GET /accounts/login/ HTTP/1.1" 200 5083
2025-12-04 16:19:53 [INFO] django.server:213 "GET /static/accounts/login.js HTTP/1.1" 304 0
2025-12-04 16:19:53 [INFO] django.server:213 "GET /static/accounts/login.css HTTP/1.1" 304 0
2025-12-04 16:19:59 [ERROR] django.request:253 Internal Server Error: /accounts/login/
Traceback (most recent call last):
  File "/Users/neogueuli/Desktop/프로젝트/bijou/.venv/lib/python3.13/site-packages/redis/connection.py", line 855, in connect_check_health
    sock = self.retry.call_with_retry(
        lambda: self._connect(), lambda error: self.disconnect(error)
    )
  File "/Users/neogueuli/Desktop/프로젝트/bijou/.venv/lib/python3.13/site-packages/redis/retry.py", line 116, in call_with_retry
    return do()
  File "/Users/neogueuli/Desktop/프로젝트/bijou/.venv/lib/python3.13/site-packages/redis/connection.py", line 856, in <lambda>
    lambda: self._connect(), lambda error: self.disconnect(error)
            ~~~~~~~~~~~~~^^
  File "/Users/neogueuli/Desktop/프로젝트/bijou/.venv/lib/python3.13/site-packages/redis/connection.py", line 1306, in _connect
    raise err
  File "/Users/neogueuli/Desktop/프로젝트/bijou/.venv/lib/python3.13/site-packages/redis/connection.py", line 1290, in _connect
    sock.connect(socket_address)
    ~~~~~~~~~~~~^^^^^^^^^^^^^^^^
ConnectionRefusedError: [Errno 61] Connection refused

During handling of the above exception, another exception occurred:

Traceback (most recent call last):
  File "/Users/neogueuli/Desktop/프로젝트/bijou/.venv/lib/python3.13/site-packages/django/core/handlers/exception.py", line 55, in inner
    response = get_response(request)
  File "/Users/neogueuli/Desktop/프로젝트/bijou/.venv/lib/python3.13/site-packages/django/core/handlers/base.py", line 197, in _get_response
    response = wrapped_callback(request, *callback_args, **callback_kwargs)
  File "/Users/neogueuli/Desktop/프로젝트/bijou/.venv/lib/python3.13/site-packages/django/views/generic/base.py", line 105, in view
    return self.dispatch(request, *args, **kwargs)
           ~~~~~~~~~~~~~^^^^^^^^^^^^^^^^^^^^^^^^^^
  File "/Users/neogueuli/Desktop/프로젝트/bijou/.venv/lib/python3.13/site-packages/django/utils/decorators.py", line 48, in _wrapper
    return bound_method(*args, **kwargs)
  File "/Users/neogueuli/Desktop/프로젝트/bijou/.venv/lib/python3.13/site-packages/django_ratelimit/decorators.py", line 19, in _wrapped
    ratelimited = is_ratelimited(request=request, group=group, fn=fn,
                                 key=key, rate=rate, method=method,
                                 increment=True)
  File "/Users/neogueuli/Desktop/프로젝트/bijou/.venv/lib/python3.13/site-packages/django_ratelimit/core.py", line 153, in is_ratelimited
    usage = get_usage(request, group, fn, key, rate, method, increment)
  File "/Users/neogueuli/Desktop/프로젝트/bijou/.venv/lib/python3.13/site-packages/django_ratelimit/core.py", line 231, in get_usage
    added = cache.add(cache_key, initial_value, period + EXPIRATION_FUDGE)
  File "/Users/neogueuli/Desktop/프로젝트/bijou/.venv/lib/python3.13/site-packages/django/core/cache/backends/redis.py", line 184, in add
    return self._cache.add(key, value, self.get_backend_timeout(timeout))
           ~~~~~~~~~~~~~~~^^^^^^^^^^^^^^^^^^^^^^^^^^^^^^^^^^^^^^^^^^^^^^^
  File "/Users/neogueuli/Desktop/프로젝트/bijou/.venv/lib/python3.13/site-packages/django/core/cache/backends/redis.py", line 96, in add
    return bool(client.set(key, value, ex=timeout, nx=True))
                ~~~~~~~~~~^^^^^^^^^^^^^^^^^^^^^^^^^^^^^^^^^
  File "/Users/neogueuli/Desktop/프로젝트/bijou/.venv/lib/python3.13/site-packages/redis/commands/core.py", line 2310, in set
    return self.execute_command("SET", *pieces, **options)
           ~~~~~~~~~~~~~~~~~~~~^^^^^^^^^^^^^^^^^^^^^^^^^^^
  File "/Users/neogueuli/Desktop/프로젝트/bijou/.venv/lib/python3.13/site-packages/redis/client.py", line 657, in execute_command
    return self._execute_command(*args, **options)
           ~~~~~~~~~~~~~~~~~~~~~^^^^^^^^^^^^^^^^^^
  File "/Users/neogueuli/Desktop/프로젝트/bijou/.venv/lib/python3.13/site-packages/redis/client.py", line 663, in _execute_command
    conn = self.connection or pool.get_connection()
                              ~~~~~~~~~~~~~~~~~~~^^
  File "/Users/neogueuli/Desktop/프로젝트/bijou/.venv/lib/python3.13/site-packages/redis/utils.py", line 196, in wrapper
    return func(*args, **kwargs)
  File "/Users/neogueuli/Desktop/프로젝트/bijou/.venv/lib/python3.13/site-packages/redis/connection.py", line 2601, in get_connection
    connection.connect()
    ~~~~~~~~~~~~~~~~~~^^
  File "/Users/neogueuli/Desktop/프로젝트/bijou/.venv/lib/python3.13/site-packages/redis/connection.py", line 846, in connect
    self.connect_check_health(check_health=True)
    ~~~~~~~~~~~~~~~~~~~~~~~~~^^^^^^^^^^^^^^^^^^^
  File "/Users/neogueuli/Desktop/프로젝트/bijou/.venv/lib/python3.13/site-packages/redis/connection.py", line 863, in connect_check_health
    raise ConnectionError(self._error_message(e))
redis.exceptions.ConnectionError: Error 61 connecting to 127.0.0.1:6379. Connection refused.
2025-12-04 16:19:59 [ERROR] django.server:213 "POST /accounts/login/ HTTP/1.1" 500 165265
2025-12-04 16:20:00 [INFO] django.server:213 "GET /accounts/login/ HTTP/1.1" 200 5083
2025-12-04 16:20:19 [WARNING] accounts.audit:25 로그인 실패: email=정다현 ip=127.0.0.1
2025-12-04 16:20:19 [INFO] axes.handlers.database:124 AXES: User login failed, running database handler for failure.
2025-12-04 16:20:19 [INFO] axes.handlers.database:387 AXES: Cleaned up 1 expired access attempts from database that were older than 2025-12-04 07:15:19.005234+00:00
2025-12-04 16:20:19 [WARNING] axes.handlers.database:195 AXES: New login failure by {username: "********************", ip_address: "********************", user_agent: "Mozilla/5.0 (Macintosh; Intel Mac OS X 10_15_7) AppleWebKit/537.36 (KHTML, like Gecko) Chrome/142.0.0.0 Safari/537.36", path_info: "/accounts/login/"}. Created new record in the database.
2025-12-04 16:20:19 [INFO] django.server:213 "POST /accounts/login/ HTTP/1.1" 200 5401
2025-12-04 16:20:26 [WARNING] accounts.audit:25 로그인 실패: email=wldwld991 ip=127.0.0.1
2025-12-04 16:20:26 [INFO] axes.handlers.database:124 AXES: User login failed, running database handler for failure.
2025-12-04 16:20:26 [INFO] axes.handlers.database:387 AXES: Cleaned up 0 expired access attempts from database that were older than 2025-12-04 07:15:25.798771+00:00
2025-12-04 16:20:26 [WARNING] axes.handlers.database:195 AXES: New login failure by {username: "********************", ip_address: "********************", user_agent: "Mozilla/5.0 (Macintosh; Intel Mac OS X 10_15_7) AppleWebKit/537.36 (KHTML, like Gecko) Chrome/142.0.0.0 Safari/537.36", path_info: "/accounts/login/"}. Created new record in the database.
2025-12-04 16:20:26 [INFO] django.server:213 "POST /accounts/login/ HTTP/1.1" 200 5401
2025-12-04 16:20:29 [WARNING] accounts.audit:25 로그인 실패: email=wldwld991 ip=127.0.0.1
2025-12-04 16:20:29 [INFO] axes.handlers.database:124 AXES: User login failed, running database handler for failure.
2025-12-04 16:20:29 [INFO] axes.handlers.database:387 AXES: Cleaned up 0 expired access attempts from database that were older than 2025-12-04 07:15:28.875667+00:00
2025-12-04 16:20:29 [WARNING] axes.handlers.database:217 AXES: Repeated login failure by {username: "********************", ip_address: "********************", user_agent: "Mozilla/5.0 (Macintosh; Intel Mac OS X 10_15_7) AppleWebKit/537.36 (KHTML, like Gecko) Chrome/142.0.0.0 Safari/537.36", path_info: "/accounts/login/"}. Updated existing record in the database.
2025-12-04 16:20:29 [INFO] django.server:213 "POST /accounts/login/ HTTP/1.1" 200 5401
2025-12-04 16:20:34 [INFO] accounts.audit:13 로그인 성공: user=1 ip=127.0.0.1
2025-12-04 16:20:34 [INFO] axes.handlers.database:272 AXES: Successful login by {username: "********************", ip_address: "********************", user_agent: "Mozilla/5.0 (Macintosh; Intel Mac OS X 10_15_7) AppleWebKit/537.36 (KHTML, like Gecko) Chrome/142.0.0.0 Safari/537.36", path_info: "/accounts/login/"}.
2025-12-04 16:20:34 [INFO] axes.handlers.database:387 AXES: Cleaned up 0 expired access attempts from database that were older than 2025-12-04 07:15:33.627231+00:00
2025-12-04 16:20:34 [INFO] django.server:213 "POST /accounts/login/ HTTP/1.1" 302 0
2025-12-04 16:20:34 [INFO] django.server:213 "GET / HTTP/1.1" 200 23046
2025-12-04 16:20:38 [INFO] django.server:213 "GET /products/49/ HTTP/1.1" 200 6481
2025-12-04 16:20:38 [INFO] django.server:213 "GET /static/product/detail.js HTTP/1.1" 304 0
2025-12-04 16:20:40 [INFO] django.server:213 "POST /orders/prepare/ HTTP/1.1" 200 287
2025-12-04 16:20:40 [INFO] django.server:213 "POST /orders/prepare/ HTTP/1.1" 200 287
2025-12-04 16:22:10 [INFO] django.server:213 "GET /orders/success/?orderId=e6fb7a8d07e148e6&paymentKey=tviva202512041620412H615&amount=50311 HTTP/1.1" 200 3198
2025-12-04 16:26:51 [INFO] django.server:213 "GET /products/49/ HTTP/1.1" 200 6481
2025-12-04 16:26:53 [INFO] django.server:213 "GET / HTTP/1.1" 200 22789
2025-12-04 16:27:05 [INFO] django.server:213 "GET /products/53/ HTTP/1.1" 200 6480
2025-12-04 16:27:09 [INFO] django.server:213 "POST /orders/prepare/ HTTP/1.1" 200 270
2025-12-04 16:27:09 [INFO] django.server:213 "POST /orders/prepare/ HTTP/1.1" 200 270
2025-12-04 16:28:00 [INFO] django.server:213 "GET /orders/success/?orderId=f7a5ea3eed8d49a7&paymentKey=tviva20251204162709V6Z06&amount=84465 HTTP/1.1" 200 3192
2025-12-04 16:43:49 [INFO] django.utils.autoreload:265 /Users/neogueuli/Desktop/프로젝트/bijou/src/order/views.py changed, reloading.
2025-12-04 16:43:50 [INFO] axes.apps:53 AXES: BEGIN version 8.0.0, blocking by ip_address
2025-12-04 16:43:50 [INFO] django.utils.autoreload:667 Watching for file changes with StatReloader
2025-12-04 16:43:56 [INFO] django.server:213 "GET / HTTP/1.1" 200 22789
2025-12-04 16:44:07 [INFO] django.server:213 "GET /products/49/ HTTP/1.1" 200 6481
2025-12-04 16:44:08 [INFO] django.server:213 "POST /orders/prepare/ HTTP/1.1" 200 287
2025-12-04 16:44:08 [INFO] django.server:213 "POST /orders/prepare/ HTTP/1.1" 200 287
2025-12-04 16:45:24 [INFO] django.server:213 "GET /orders/success/?orderId=7b7135c7593c4cf8&paymentKey=tviva20251204164409V8by8&amount=50311 HTTP/1.1" 200 3192
2025-12-04 16:45:55 [INFO] django.server:213 "GET / HTTP/1.1" 200 22789
2025-12-04 16:58:40 [INFO] django.server:213 "GET /products/49/ HTTP/1.1" 200 6481
2025-12-04 16:58:47 [INFO] django.server:213 "POST /orders/prepare/ HTTP/1.1" 200 287
2025-12-04 16:58:47 [INFO] django.server:213 "POST /orders/prepare/ HTTP/1.1" 200 287
2025-12-04 16:59:19 [INFO] django.server:213 "GET /orders/success/?orderId=e3869e9799354575&paymentKey=tviva20251204165848QyGa0&amount=50311 HTTP/1.1" 200 3192
2025-12-04 17:01:02 [INFO] django.utils.autoreload:265 /Users/neogueuli/Desktop/프로젝트/bijou/src/order/views.py changed, reloading.
2025-12-04 17:01:02 [INFO] axes.apps:53 AXES: BEGIN version 8.0.0, blocking by ip_address
2025-12-04 17:01:02 [INFO] django.utils.autoreload:667 Watching for file changes with StatReloader
2025-12-04 17:01:35 [ERROR] django.request:253 Internal Server Error: /orders/success/
Traceback (most recent call last):
  File "/Users/neogueuli/Desktop/프로젝트/bijou/.venv/lib/python3.13/site-packages/django/core/handlers/exception.py", line 55, in inner
    response = get_response(request)
  File "/Users/neogueuli/Desktop/프로젝트/bijou/.venv/lib/python3.13/site-packages/django/core/handlers/base.py", line 197, in _get_response
    response = wrapped_callback(request, *callback_args, **callback_kwargs)
  File "/Users/neogueuli/Desktop/프로젝트/bijou/.venv/lib/python3.13/site-packages/django/views/generic/base.py", line 105, in view
    return self.dispatch(request, *args, **kwargs)
           ~~~~~~~~~~~~~^^^^^^^^^^^^^^^^^^^^^^^^^^
  File "/Users/neogueuli/Desktop/프로젝트/bijou/.venv/lib/python3.13/site-packages/django/views/generic/base.py", line 144, in dispatch
    return handler(request, *args, **kwargs)
  File "/Users/neogueuli/Desktop/프로젝트/bijou/src/order/views.py", line 136, in get
    res.raise_for_status()
    ~~~~~~~~~~~~~~~~~~~~^^
  File "/Users/neogueuli/Desktop/프로젝트/bijou/.venv/lib/python3.13/site-packages/requests/models.py", line 1026, in raise_for_status
    raise HTTPError(http_error_msg, response=self)
requests.exceptions.HTTPError: 400 Client Error: Bad Request for url: https://api.tosspayments.com/v1/payments/confirm
2025-12-04 17:01:35 [ERROR] django.server:213 "GET /orders/success/?orderId=e3869e9799354575&paymentKey=tviva20251204165848QyGa0&amount=50311 HTTP/1.1" 500 92384
2025-12-04 17:01:38 [INFO] django.server:213 "GET / HTTP/1.1" 200 22789
2025-12-04 17:01:40 [INFO] django.server:213 "GET / HTTP/1.1" 200 22789
2025-12-04 17:01:43 [INFO] django.server:213 "GET /products/50/ HTTP/1.1" 200 8846
2025-12-04 17:01:46 [INFO] django.server:213 "POST /orders/prepare/ HTTP/1.1" 200 262
2025-12-04 17:01:46 [INFO] django.server:213 "POST /orders/prepare/ HTTP/1.1" 200 262
2025-12-04 17:02:34 [INFO] django.server:213 "GET /orders/success/?orderId=76acc17a0ed74652&paymentKey=tviva202512041701462KcR1&amount=43087 HTTP/1.1" 200 3198
2025-12-04 17:03:17 [INFO] django.server:213 "GET / HTTP/1.1" 200 22789
