2025-12-01 18:02:22 [INFO] axes.apps:53 AXES: BEGIN version 8.0.0, blocking by ip_address
2025-12-01 18:02:22 [INFO] axes.apps:53 AXES: BEGIN version 8.0.0, blocking by ip_address
2025-12-01 18:02:22 [INFO] django.utils.autoreload:667 Watching for file changes with StatReloader
2025-12-01 18:02:26 [INFO] django.server:213 "GET / HTTP/1.1" 200 23087
2025-12-01 18:02:26 [INFO] django.server:213 "GET /static/home/home.css HTTP/1.1" 304 0
2025-12-01 18:02:26 [INFO] django.server:213 "GET /static/common/base.css HTTP/1.1" 304 0
2025-12-01 18:02:26 [INFO] django.server:213 "GET /static/home/home20251127.js HTTP/1.1" 304 0
2025-12-01 18:02:27 [WARNING] django.request:253 Not Found: /favicon.ico
2025-12-01 18:02:27 [WARNING] django.server:213 "GET /favicon.ico HTTP/1.1" 404 2668
2025-12-01 18:02:29 [INFO] axes.handlers.database:387 AXES: Cleaned up 0 expired access attempts from database that were older than 2025-12-01 08:57:29.258926+00:00
2025-12-01 18:02:29 [INFO] axes.handlers.database:318 AXES: Successful logout by {username: "********************", ip_address: "********************", user_agent: "Mozilla/5.0 (Macintosh; Intel Mac OS X 10_15_7) AppleWebKit/537.36 (KHTML, like Gecko) Chrome/142.0.0.0 Safari/537.36", path_info: "/accounts/logout/"}.
2025-12-01 18:02:29 [INFO] django.server:213 "POST /accounts/logout/ HTTP/1.1" 302 0
2025-12-01 18:02:29 [INFO] django.server:213 "GET / HTTP/1.1" 200 22789
2025-12-01 18:02:36 [INFO] django.server:213 "GET /accounts/login/ HTTP/1.1" 200 5083
2025-12-01 18:02:36 [INFO] django.server:213 "GET /static/accounts/login.css HTTP/1.1" 304 0
2025-12-01 18:02:36 [INFO] django.server:213 "GET /static/accounts/login.js HTTP/1.1" 304 0
2025-12-01 18:02:44 [ERROR] django.request:253 Internal Server Error: /accounts/login/
Traceback (most recent call last):
  File "/Users/neogueuli/Desktop/프로젝트/bijou/.venv/lib/python3.13/site-packages/redis/connection.py", line 855, in connect_check_health
    sock = self.retry.call_with_retry(
        lambda: self._connect(), lambda error: self.disconnect(error)
    )
  File "/Users/neogueuli/Desktop/프로젝트/bijou/.venv/lib/python3.13/site-packages/redis/retry.py", line 116, in call_with_retry
    return do()
  File "/Users/neogueuli/Desktop/프로젝트/bijou/.venv/lib/python3.13/site-packages/redis/connection.py", line 856, in <lambda>
    lambda: self._connect(), lambda error: self.disconnect(error)
            ~~~~~~~~~~~~~^^
  File "/Users/neogueuli/Desktop/프로젝트/bijou/.venv/lib/python3.13/site-packages/redis/connection.py", line 1306, in _connect
    raise err
  File "/Users/neogueuli/Desktop/프로젝트/bijou/.venv/lib/python3.13/site-packages/redis/connection.py", line 1290, in _connect
    sock.connect(socket_address)
    ~~~~~~~~~~~~^^^^^^^^^^^^^^^^
ConnectionRefusedError: [Errno 61] Connection refused

During handling of the above exception, another exception occurred:

Traceback (most recent call last):
  File "/Users/neogueuli/Desktop/프로젝트/bijou/.venv/lib/python3.13/site-packages/django/core/handlers/exception.py", line 55, in inner
    response = get_response(request)
  File "/Users/neogueuli/Desktop/프로젝트/bijou/.venv/lib/python3.13/site-packages/django/core/handlers/base.py", line 197, in _get_response
    response = wrapped_callback(request, *callback_args, **callback_kwargs)
  File "/Users/neogueuli/Desktop/프로젝트/bijou/.venv/lib/python3.13/site-packages/django/views/generic/base.py", line 105, in view
    return self.dispatch(request, *args, **kwargs)
           ~~~~~~~~~~~~~^^^^^^^^^^^^^^^^^^^^^^^^^^
  File "/Users/neogueuli/Desktop/프로젝트/bijou/.venv/lib/python3.13/site-packages/django/utils/decorators.py", line 48, in _wrapper
    return bound_method(*args, **kwargs)
  File "/Users/neogueuli/Desktop/프로젝트/bijou/.venv/lib/python3.13/site-packages/django_ratelimit/decorators.py", line 19, in _wrapped
    ratelimited = is_ratelimited(request=request, group=group, fn=fn,
                                 key=key, rate=rate, method=method,
                                 increment=True)
  File "/Users/neogueuli/Desktop/프로젝트/bijou/.venv/lib/python3.13/site-packages/django_ratelimit/core.py", line 153, in is_ratelimited
    usage = get_usage(request, group, fn, key, rate, method, increment)
  File "/Users/neogueuli/Desktop/프로젝트/bijou/.venv/lib/python3.13/site-packages/django_ratelimit/core.py", line 231, in get_usage
    added = cache.add(cache_key, initial_value, period + EXPIRATION_FUDGE)
  File "/Users/neogueuli/Desktop/프로젝트/bijou/.venv/lib/python3.13/site-packages/django/core/cache/backends/redis.py", line 184, in add
    return self._cache.add(key, value, self.get_backend_timeout(timeout))
           ~~~~~~~~~~~~~~~^^^^^^^^^^^^^^^^^^^^^^^^^^^^^^^^^^^^^^^^^^^^^^^
  File "/Users/neogueuli/Desktop/프로젝트/bijou/.venv/lib/python3.13/site-packages/django/core/cache/backends/redis.py", line 96, in add
    return bool(client.set(key, value, ex=timeout, nx=True))
                ~~~~~~~~~~^^^^^^^^^^^^^^^^^^^^^^^^^^^^^^^^^
  File "/Users/neogueuli/Desktop/프로젝트/bijou/.venv/lib/python3.13/site-packages/redis/commands/core.py", line 2310, in set
    return self.execute_command("SET", *pieces, **options)
           ~~~~~~~~~~~~~~~~~~~~^^^^^^^^^^^^^^^^^^^^^^^^^^^
  File "/Users/neogueuli/Desktop/프로젝트/bijou/.venv/lib/python3.13/site-packages/redis/client.py", line 657, in execute_command
    return self._execute_command(*args, **options)
           ~~~~~~~~~~~~~~~~~~~~~^^^^^^^^^^^^^^^^^^
  File "/Users/neogueuli/Desktop/프로젝트/bijou/.venv/lib/python3.13/site-packages/redis/client.py", line 663, in _execute_command
    conn = self.connection or pool.get_connection()
                              ~~~~~~~~~~~~~~~~~~~^^
  File "/Users/neogueuli/Desktop/프로젝트/bijou/.venv/lib/python3.13/site-packages/redis/utils.py", line 196, in wrapper
    return func(*args, **kwargs)
  File "/Users/neogueuli/Desktop/프로젝트/bijou/.venv/lib/python3.13/site-packages/redis/connection.py", line 2601, in get_connection
    connection.connect()
    ~~~~~~~~~~~~~~~~~~^^
  File "/Users/neogueuli/Desktop/프로젝트/bijou/.venv/lib/python3.13/site-packages/redis/connection.py", line 846, in connect
    self.connect_check_health(check_health=True)
    ~~~~~~~~~~~~~~~~~~~~~~~~~^^^^^^^^^^^^^^^^^^^
  File "/Users/neogueuli/Desktop/프로젝트/bijou/.venv/lib/python3.13/site-packages/redis/connection.py", line 863, in connect_check_health
    raise ConnectionError(self._error_message(e))
redis.exceptions.ConnectionError: Error 61 connecting to 127.0.0.1:6379. Connection refused.
2025-12-01 18:02:44 [ERROR] django.server:213 "POST /accounts/login/ HTTP/1.1" 500 164703
2025-12-01 18:02:57 [INFO] django.server:213 "GET /accounts/login/ HTTP/1.1" 200 5083
2025-12-01 18:02:59 [INFO] django.server:213 "GET /accounts/login/ HTTP/1.1" 200 5083
2025-12-01 18:03:32 [ERROR] django.request:253 Internal Server Error: /accounts/login/
Traceback (most recent call last):
  File "/Users/neogueuli/Desktop/프로젝트/bijou/.venv/lib/python3.13/site-packages/redis/connection.py", line 855, in connect_check_health
    sock = self.retry.call_with_retry(
        lambda: self._connect(), lambda error: self.disconnect(error)
    )
  File "/Users/neogueuli/Desktop/프로젝트/bijou/.venv/lib/python3.13/site-packages/redis/retry.py", line 116, in call_with_retry
    return do()
  File "/Users/neogueuli/Desktop/프로젝트/bijou/.venv/lib/python3.13/site-packages/redis/connection.py", line 856, in <lambda>
    lambda: self._connect(), lambda error: self.disconnect(error)
            ~~~~~~~~~~~~~^^
  File "/Users/neogueuli/Desktop/프로젝트/bijou/.venv/lib/python3.13/site-packages/redis/connection.py", line 1306, in _connect
    raise err
  File "/Users/neogueuli/Desktop/프로젝트/bijou/.venv/lib/python3.13/site-packages/redis/connection.py", line 1290, in _connect
    sock.connect(socket_address)
    ~~~~~~~~~~~~^^^^^^^^^^^^^^^^
ConnectionRefusedError: [Errno 61] Connection refused

During handling of the above exception, another exception occurred:

Traceback (most recent call last):
  File "/Users/neogueuli/Desktop/프로젝트/bijou/.venv/lib/python3.13/site-packages/django/core/handlers/exception.py", line 55, in inner
    response = get_response(request)
  File "/Users/neogueuli/Desktop/프로젝트/bijou/.venv/lib/python3.13/site-packages/django/core/handlers/base.py", line 197, in _get_response
    response = wrapped_callback(request, *callback_args, **callback_kwargs)
  File "/Users/neogueuli/Desktop/프로젝트/bijou/.venv/lib/python3.13/site-packages/django/views/generic/base.py", line 105, in view
    return self.dispatch(request, *args, **kwargs)
           ~~~~~~~~~~~~~^^^^^^^^^^^^^^^^^^^^^^^^^^
  File "/Users/neogueuli/Desktop/프로젝트/bijou/.venv/lib/python3.13/site-packages/django/utils/decorators.py", line 48, in _wrapper
    return bound_method(*args, **kwargs)
  File "/Users/neogueuli/Desktop/프로젝트/bijou/.venv/lib/python3.13/site-packages/django_ratelimit/decorators.py", line 19, in _wrapped
    ratelimited = is_ratelimited(request=request, group=group, fn=fn,
                                 key=key, rate=rate, method=method,
                                 increment=True)
  File "/Users/neogueuli/Desktop/프로젝트/bijou/.venv/lib/python3.13/site-packages/django_ratelimit/core.py", line 153, in is_ratelimited
    usage = get_usage(request, group, fn, key, rate, method, increment)
  File "/Users/neogueuli/Desktop/프로젝트/bijou/.venv/lib/python3.13/site-packages/django_ratelimit/core.py", line 231, in get_usage
    added = cache.add(cache_key, initial_value, period + EXPIRATION_FUDGE)
  File "/Users/neogueuli/Desktop/프로젝트/bijou/.venv/lib/python3.13/site-packages/django/core/cache/backends/redis.py", line 184, in add
    return self._cache.add(key, value, self.get_backend_timeout(timeout))
           ~~~~~~~~~~~~~~~^^^^^^^^^^^^^^^^^^^^^^^^^^^^^^^^^^^^^^^^^^^^^^^
  File "/Users/neogueuli/Desktop/프로젝트/bijou/.venv/lib/python3.13/site-packages/django/core/cache/backends/redis.py", line 96, in add
    return bool(client.set(key, value, ex=timeout, nx=True))
                ~~~~~~~~~~^^^^^^^^^^^^^^^^^^^^^^^^^^^^^^^^^
  File "/Users/neogueuli/Desktop/프로젝트/bijou/.venv/lib/python3.13/site-packages/redis/commands/core.py", line 2310, in set
    return self.execute_command("SET", *pieces, **options)
           ~~~~~~~~~~~~~~~~~~~~^^^^^^^^^^^^^^^^^^^^^^^^^^^
  File "/Users/neogueuli/Desktop/프로젝트/bijou/.venv/lib/python3.13/site-packages/redis/client.py", line 657, in execute_command
    return self._execute_command(*args, **options)
           ~~~~~~~~~~~~~~~~~~~~~^^^^^^^^^^^^^^^^^^
  File "/Users/neogueuli/Desktop/프로젝트/bijou/.venv/lib/python3.13/site-packages/redis/client.py", line 663, in _execute_command
    conn = self.connection or pool.get_connection()
                              ~~~~~~~~~~~~~~~~~~~^^
  File "/Users/neogueuli/Desktop/프로젝트/bijou/.venv/lib/python3.13/site-packages/redis/utils.py", line 196, in wrapper
    return func(*args, **kwargs)
  File "/Users/neogueuli/Desktop/프로젝트/bijou/.venv/lib/python3.13/site-packages/redis/connection.py", line 2601, in get_connection
    connection.connect()
    ~~~~~~~~~~~~~~~~~~^^
  File "/Users/neogueuli/Desktop/프로젝트/bijou/.venv/lib/python3.13/site-packages/redis/connection.py", line 846, in connect
    self.connect_check_health(check_health=True)
    ~~~~~~~~~~~~~~~~~~~~~~~~~^^^^^^^^^^^^^^^^^^^
  File "/Users/neogueuli/Desktop/프로젝트/bijou/.venv/lib/python3.13/site-packages/redis/connection.py", line 863, in connect_check_health
    raise ConnectionError(self._error_message(e))
redis.exceptions.ConnectionError: Error 61 connecting to 127.0.0.1:6379. Connection refused.
2025-12-01 18:03:32 [ERROR] django.server:213 "POST /accounts/login/ HTTP/1.1" 500 164702
2025-12-01 18:03:34 [INFO] django.server:213 "GET /accounts/login/ HTTP/1.1" 200 5083
2025-12-01 18:03:36 [ERROR] django.request:253 Internal Server Error: /accounts/login/
Traceback (most recent call last):
  File "/Users/neogueuli/Desktop/프로젝트/bijou/.venv/lib/python3.13/site-packages/redis/connection.py", line 855, in connect_check_health
    sock = self.retry.call_with_retry(
        lambda: self._connect(), lambda error: self.disconnect(error)
    )
  File "/Users/neogueuli/Desktop/프로젝트/bijou/.venv/lib/python3.13/site-packages/redis/retry.py", line 116, in call_with_retry
    return do()
  File "/Users/neogueuli/Desktop/프로젝트/bijou/.venv/lib/python3.13/site-packages/redis/connection.py", line 856, in <lambda>
    lambda: self._connect(), lambda error: self.disconnect(error)
            ~~~~~~~~~~~~~^^
  File "/Users/neogueuli/Desktop/프로젝트/bijou/.venv/lib/python3.13/site-packages/redis/connection.py", line 1306, in _connect
    raise err
  File "/Users/neogueuli/Desktop/프로젝트/bijou/.venv/lib/python3.13/site-packages/redis/connection.py", line 1290, in _connect
    sock.connect(socket_address)
    ~~~~~~~~~~~~^^^^^^^^^^^^^^^^
ConnectionRefusedError: [Errno 61] Connection refused

During handling of the above exception, another exception occurred:

Traceback (most recent call last):
  File "/Users/neogueuli/Desktop/프로젝트/bijou/.venv/lib/python3.13/site-packages/django/core/handlers/exception.py", line 55, in inner
    response = get_response(request)
  File "/Users/neogueuli/Desktop/프로젝트/bijou/.venv/lib/python3.13/site-packages/django/core/handlers/base.py", line 197, in _get_response
    response = wrapped_callback(request, *callback_args, **callback_kwargs)
  File "/Users/neogueuli/Desktop/프로젝트/bijou/.venv/lib/python3.13/site-packages/django/views/generic/base.py", line 105, in view
    return self.dispatch(request, *args, **kwargs)
           ~~~~~~~~~~~~~^^^^^^^^^^^^^^^^^^^^^^^^^^
  File "/Users/neogueuli/Desktop/프로젝트/bijou/.venv/lib/python3.13/site-packages/django/utils/decorators.py", line 48, in _wrapper
    return bound_method(*args, **kwargs)
  File "/Users/neogueuli/Desktop/프로젝트/bijou/.venv/lib/python3.13/site-packages/django_ratelimit/decorators.py", line 19, in _wrapped
    ratelimited = is_ratelimited(request=request, group=group, fn=fn,
                                 key=key, rate=rate, method=method,
                                 increment=True)
  File "/Users/neogueuli/Desktop/프로젝트/bijou/.venv/lib/python3.13/site-packages/django_ratelimit/core.py", line 153, in is_ratelimited
    usage = get_usage(request, group, fn, key, rate, method, increment)
  File "/Users/neogueuli/Desktop/프로젝트/bijou/.venv/lib/python3.13/site-packages/django_ratelimit/core.py", line 231, in get_usage
    added = cache.add(cache_key, initial_value, period + EXPIRATION_FUDGE)
  File "/Users/neogueuli/Desktop/프로젝트/bijou/.venv/lib/python3.13/site-packages/django/core/cache/backends/redis.py", line 184, in add
    return self._cache.add(key, value, self.get_backend_timeout(timeout))
           ~~~~~~~~~~~~~~~^^^^^^^^^^^^^^^^^^^^^^^^^^^^^^^^^^^^^^^^^^^^^^^
  File "/Users/neogueuli/Desktop/프로젝트/bijou/.venv/lib/python3.13/site-packages/django/core/cache/backends/redis.py", line 96, in add
    return bool(client.set(key, value, ex=timeout, nx=True))
                ~~~~~~~~~~^^^^^^^^^^^^^^^^^^^^^^^^^^^^^^^^^
  File "/Users/neogueuli/Desktop/프로젝트/bijou/.venv/lib/python3.13/site-packages/redis/commands/core.py", line 2310, in set
    return self.execute_command("SET", *pieces, **options)
           ~~~~~~~~~~~~~~~~~~~~^^^^^^^^^^^^^^^^^^^^^^^^^^^
  File "/Users/neogueuli/Desktop/프로젝트/bijou/.venv/lib/python3.13/site-packages/redis/client.py", line 657, in execute_command
    return self._execute_command(*args, **options)
           ~~~~~~~~~~~~~~~~~~~~~^^^^^^^^^^^^^^^^^^
  File "/Users/neogueuli/Desktop/프로젝트/bijou/.venv/lib/python3.13/site-packages/redis/client.py", line 663, in _execute_command
    conn = self.connection or pool.get_connection()
                              ~~~~~~~~~~~~~~~~~~~^^
  File "/Users/neogueuli/Desktop/프로젝트/bijou/.venv/lib/python3.13/site-packages/redis/utils.py", line 196, in wrapper
    return func(*args, **kwargs)
  File "/Users/neogueuli/Desktop/프로젝트/bijou/.venv/lib/python3.13/site-packages/redis/connection.py", line 2601, in get_connection
    connection.connect()
    ~~~~~~~~~~~~~~~~~~^^
  File "/Users/neogueuli/Desktop/프로젝트/bijou/.venv/lib/python3.13/site-packages/redis/connection.py", line 846, in connect
    self.connect_check_health(check_health=True)
    ~~~~~~~~~~~~~~~~~~~~~~~~~^^^^^^^^^^^^^^^^^^^
  File "/Users/neogueuli/Desktop/프로젝트/bijou/.venv/lib/python3.13/site-packages/redis/connection.py", line 863, in connect_check_health
    raise ConnectionError(self._error_message(e))
redis.exceptions.ConnectionError: Error 61 connecting to 127.0.0.1:6379. Connection refused.
2025-12-01 18:03:36 [ERROR] django.server:213 "POST /accounts/login/ HTTP/1.1" 500 164698
2025-12-01 18:03:38 [INFO] django.server:213 "GET /accounts/login/ HTTP/1.1" 200 5083
2025-12-01 18:03:44 [ERROR] django.request:253 Internal Server Error: /accounts/login/
Traceback (most recent call last):
  File "/Users/neogueuli/Desktop/프로젝트/bijou/.venv/lib/python3.13/site-packages/redis/connection.py", line 855, in connect_check_health
    sock = self.retry.call_with_retry(
        lambda: self._connect(), lambda error: self.disconnect(error)
    )
  File "/Users/neogueuli/Desktop/프로젝트/bijou/.venv/lib/python3.13/site-packages/redis/retry.py", line 116, in call_with_retry
    return do()
  File "/Users/neogueuli/Desktop/프로젝트/bijou/.venv/lib/python3.13/site-packages/redis/connection.py", line 856, in <lambda>
    lambda: self._connect(), lambda error: self.disconnect(error)
            ~~~~~~~~~~~~~^^
  File "/Users/neogueuli/Desktop/프로젝트/bijou/.venv/lib/python3.13/site-packages/redis/connection.py", line 1306, in _connect
    raise err
  File "/Users/neogueuli/Desktop/프로젝트/bijou/.venv/lib/python3.13/site-packages/redis/connection.py", line 1290, in _connect
    sock.connect(socket_address)
    ~~~~~~~~~~~~^^^^^^^^^^^^^^^^
ConnectionRefusedError: [Errno 61] Connection refused

During handling of the above exception, another exception occurred:

Traceback (most recent call last):
  File "/Users/neogueuli/Desktop/프로젝트/bijou/.venv/lib/python3.13/site-packages/django/core/handlers/exception.py", line 55, in inner
    response = get_response(request)
  File "/Users/neogueuli/Desktop/프로젝트/bijou/.venv/lib/python3.13/site-packages/django/core/handlers/base.py", line 197, in _get_response
    response = wrapped_callback(request, *callback_args, **callback_kwargs)
  File "/Users/neogueuli/Desktop/프로젝트/bijou/.venv/lib/python3.13/site-packages/django/views/generic/base.py", line 105, in view
    return self.dispatch(request, *args, **kwargs)
           ~~~~~~~~~~~~~^^^^^^^^^^^^^^^^^^^^^^^^^^
  File "/Users/neogueuli/Desktop/프로젝트/bijou/.venv/lib/python3.13/site-packages/django/utils/decorators.py", line 48, in _wrapper
    return bound_method(*args, **kwargs)
  File "/Users/neogueuli/Desktop/프로젝트/bijou/.venv/lib/python3.13/site-packages/django_ratelimit/decorators.py", line 19, in _wrapped
    ratelimited = is_ratelimited(request=request, group=group, fn=fn,
                                 key=key, rate=rate, method=method,
                                 increment=True)
  File "/Users/neogueuli/Desktop/프로젝트/bijou/.venv/lib/python3.13/site-packages/django_ratelimit/core.py", line 153, in is_ratelimited
    usage = get_usage(request, group, fn, key, rate, method, increment)
  File "/Users/neogueuli/Desktop/프로젝트/bijou/.venv/lib/python3.13/site-packages/django_ratelimit/core.py", line 231, in get_usage
    added = cache.add(cache_key, initial_value, period + EXPIRATION_FUDGE)
  File "/Users/neogueuli/Desktop/프로젝트/bijou/.venv/lib/python3.13/site-packages/django/core/cache/backends/redis.py", line 184, in add
    return self._cache.add(key, value, self.get_backend_timeout(timeout))
           ~~~~~~~~~~~~~~~^^^^^^^^^^^^^^^^^^^^^^^^^^^^^^^^^^^^^^^^^^^^^^^
  File "/Users/neogueuli/Desktop/프로젝트/bijou/.venv/lib/python3.13/site-packages/django/core/cache/backends/redis.py", line 96, in add
    return bool(client.set(key, value, ex=timeout, nx=True))
                ~~~~~~~~~~^^^^^^^^^^^^^^^^^^^^^^^^^^^^^^^^^
  File "/Users/neogueuli/Desktop/프로젝트/bijou/.venv/lib/python3.13/site-packages/redis/commands/core.py", line 2310, in set
    return self.execute_command("SET", *pieces, **options)
           ~~~~~~~~~~~~~~~~~~~~^^^^^^^^^^^^^^^^^^^^^^^^^^^
  File "/Users/neogueuli/Desktop/프로젝트/bijou/.venv/lib/python3.13/site-packages/redis/client.py", line 657, in execute_command
    return self._execute_command(*args, **options)
           ~~~~~~~~~~~~~~~~~~~~~^^^^^^^^^^^^^^^^^^
  File "/Users/neogueuli/Desktop/프로젝트/bijou/.venv/lib/python3.13/site-packages/redis/client.py", line 663, in _execute_command
    conn = self.connection or pool.get_connection()
                              ~~~~~~~~~~~~~~~~~~~^^
  File "/Users/neogueuli/Desktop/프로젝트/bijou/.venv/lib/python3.13/site-packages/redis/utils.py", line 196, in wrapper
    return func(*args, **kwargs)
  File "/Users/neogueuli/Desktop/프로젝트/bijou/.venv/lib/python3.13/site-packages/redis/connection.py", line 2601, in get_connection
    connection.connect()
    ~~~~~~~~~~~~~~~~~~^^
  File "/Users/neogueuli/Desktop/프로젝트/bijou/.venv/lib/python3.13/site-packages/redis/connection.py", line 846, in connect
    self.connect_check_health(check_health=True)
    ~~~~~~~~~~~~~~~~~~~~~~~~~^^^^^^^^^^^^^^^^^^^
  File "/Users/neogueuli/Desktop/프로젝트/bijou/.venv/lib/python3.13/site-packages/redis/connection.py", line 863, in connect_check_health
    raise ConnectionError(self._error_message(e))
redis.exceptions.ConnectionError: Error 61 connecting to 127.0.0.1:6379. Connection refused.
2025-12-01 18:03:44 [ERROR] django.server:213 "POST /accounts/login/ HTTP/1.1" 500 164694
2025-12-01 18:03:45 [INFO] django.server:213 "GET /accounts/login/ HTTP/1.1" 200 5083
2025-12-01 18:03:51 [INFO] django.server:213 "GET / HTTP/1.1" 200 22789
2025-12-01 18:03:52 [INFO] django.server:213 "GET /admin/ HTTP/1.1" 302 0
2025-12-01 18:03:52 [INFO] django.server:213 "GET /admin/login/?next=/admin/ HTTP/1.1" 200 3827
2025-12-01 18:03:52 [INFO] django.server:213 "GET /static/admin/css/base.css HTTP/1.1" 304 0
2025-12-01 18:03:52 [INFO] django.server:213 "GET /static/admin/css/dark_mode.css HTTP/1.1" 304 0
2025-12-01 18:03:52 [INFO] django.server:213 "GET /static/admin/js/theme.js HTTP/1.1" 304 0
2025-12-01 18:03:52 [INFO] django.server:213 "GET /static/admin/css/login.css HTTP/1.1" 304 0
2025-12-01 18:03:52 [INFO] django.server:213 "GET /static/admin/css/nav_sidebar.css HTTP/1.1" 304 0
2025-12-01 18:03:52 [INFO] django.server:213 "GET /static/admin/dashboard.css HTTP/1.1" 304 0
2025-12-01 18:03:52 [INFO] django.server:213 "GET /static/admin/css/responsive.css HTTP/1.1" 304 0
2025-12-01 18:03:52 [INFO] django.server:213 "GET /static/admin/js/nav_sidebar.js HTTP/1.1" 304 0
2025-12-01 18:03:52 [INFO] django.server:213 "GET /static/vendor/chart.umd.min.js HTTP/1.1" 200 208522
2025-12-01 18:03:52 [INFO] django.server:213 "GET /static/admin/dashboard.js HTTP/1.1" 304 0
2025-12-01 18:03:56 [WARNING] accounts.audit:25 로그인 실패: email=amdin ip=127.0.0.1
2025-12-01 18:03:56 [INFO] axes.handlers.database:124 AXES: User login failed, running database handler for failure.
2025-12-01 18:03:56 [INFO] axes.handlers.database:387 AXES: Cleaned up 0 expired access attempts from database that were older than 2025-12-01 08:58:56.011499+00:00
2025-12-01 18:03:56 [WARNING] axes.handlers.database:195 AXES: New login failure by {username: "********************", ip_address: "********************", user_agent: "Mozilla/5.0 (Macintosh; Intel Mac OS X 10_15_7) AppleWebKit/537.36 (KHTML, like Gecko) Chrome/142.0.0.0 Safari/537.36", path_info: "/admin/login/"}. Created new record in the database.
2025-12-01 18:03:56 [INFO] django.server:213 "POST /admin/login/?next=/admin/ HTTP/1.1" 200 4009
2025-12-01 18:04:00 [WARNING] accounts.audit:25 로그인 실패: email=amdin ip=127.0.0.1
2025-12-01 18:04:00 [INFO] axes.handlers.database:124 AXES: User login failed, running database handler for failure.
2025-12-01 18:04:00 [INFO] axes.handlers.database:387 AXES: Cleaned up 0 expired access attempts from database that were older than 2025-12-01 08:59:00.545027+00:00
2025-12-01 18:04:00 [WARNING] axes.handlers.database:217 AXES: Repeated login failure by {username: "********************", ip_address: "********************", user_agent: "Mozilla/5.0 (Macintosh; Intel Mac OS X 10_15_7) AppleWebKit/537.36 (KHTML, like Gecko) Chrome/142.0.0.0 Safari/537.36", path_info: "/admin/login/"}. Updated existing record in the database.
2025-12-01 18:04:00 [INFO] django.server:213 "POST /admin/login/?next=/admin/ HTTP/1.1" 200 4009
2025-12-01 18:04:04 [WARNING] accounts.audit:25 로그인 실패: email=amdin ip=127.0.0.1
2025-12-01 18:04:04 [INFO] axes.handlers.database:124 AXES: User login failed, running database handler for failure.
2025-12-01 18:04:04 [INFO] axes.handlers.database:387 AXES: Cleaned up 0 expired access attempts from database that were older than 2025-12-01 08:59:03.687347+00:00
2025-12-01 18:04:04 [WARNING] axes.handlers.database:217 AXES: Repeated login failure by {username: "********************", ip_address: "********************", user_agent: "Mozilla/5.0 (Macintosh; Intel Mac OS X 10_15_7) AppleWebKit/537.36 (KHTML, like Gecko) Chrome/142.0.0.0 Safari/537.36", path_info: "/admin/login/"}. Updated existing record in the database.
2025-12-01 18:04:04 [INFO] django.server:213 "POST /admin/login/?next=/admin/ HTTP/1.1" 200 4009
2025-12-01 18:04:09 [INFO] accounts.audit:13 로그인 성공: user=1 ip=127.0.0.1
2025-12-01 18:04:09 [INFO] axes.handlers.database:272 AXES: Successful login by {username: "********************", ip_address: "********************", user_agent: "Mozilla/5.0 (Macintosh; Intel Mac OS X 10_15_7) AppleWebKit/537.36 (KHTML, like Gecko) Chrome/142.0.0.0 Safari/537.36", path_info: "/admin/login/"}.
2025-12-01 18:04:09 [INFO] axes.handlers.database:387 AXES: Cleaned up 0 expired access attempts from database that were older than 2025-12-01 08:59:09.474244+00:00
2025-12-01 18:04:09 [INFO] django.server:213 "POST /admin/login/?next=/admin/ HTTP/1.1" 302 0
2025-12-01 18:04:09 [INFO] root:107 이번주 매출<QuerySet []>
2025-12-01 18:04:09 [INFO] django.server:213 "GET /admin/ HTTP/1.1" 200 9048
2025-12-01 18:04:16 [INFO] django.server:213 "GET / HTTP/1.1" 200 22789
2025-12-01 18:04:22 [ERROR] django.request:253 Internal Server Error: /products/50/
Traceback (most recent call last):
  File "/Users/neogueuli/Desktop/프로젝트/bijou/.venv/lib/python3.13/site-packages/django/core/handlers/exception.py", line 55, in inner
    response = get_response(request)
  File "/Users/neogueuli/Desktop/프로젝트/bijou/.venv/lib/python3.13/site-packages/django/core/handlers/base.py", line 197, in _get_response
    response = wrapped_callback(request, *callback_args, **callback_kwargs)
  File "/Users/neogueuli/Desktop/프로젝트/bijou/.venv/lib/python3.13/site-packages/django/views/generic/base.py", line 105, in view
    return self.dispatch(request, *args, **kwargs)
           ~~~~~~~~~~~~~^^^^^^^^^^^^^^^^^^^^^^^^^^
  File "/Users/neogueuli/Desktop/프로젝트/bijou/.venv/lib/python3.13/site-packages/django/views/generic/base.py", line 144, in dispatch
    return handler(request, *args, **kwargs)
  File "/Users/neogueuli/Desktop/프로젝트/bijou/.venv/lib/python3.13/site-packages/django/views/generic/base.py", line 228, in get
    context = self.get_context_data(**kwargs)
  File "/Users/neogueuli/Desktop/프로젝트/bijou/src/product/views.py", line 160, in get_context_data
    order_prepare_url=reverse_lazy("order:prepare"),
                      ^^^^^^^^^^^^
NameError: name 'reverse_lazy' is not defined
2025-12-01 18:04:22 [ERROR] django.server:213 "GET /products/50/ HTTP/1.1" 500 91112
2025-12-01 18:05:00 [INFO] django.utils.autoreload:265 /Users/neogueuli/Desktop/프로젝트/bijou/src/product/views.py changed, reloading.
2025-12-01 18:05:01 [INFO] axes.apps:53 AXES: BEGIN version 8.0.0, blocking by ip_address
2025-12-01 18:05:01 [INFO] django.utils.autoreload:667 Watching for file changes with StatReloader
2025-12-01 18:05:07 [ERROR] django.request:253 Internal Server Error: /products/50/
Traceback (most recent call last):
  File "/Users/neogueuli/Desktop/프로젝트/bijou/.venv/lib/python3.13/site-packages/django/template/base.py", line 510, in parse
    compile_func = self.tags[command]
                   ~~~~~~~~~^^^^^^^^^
KeyError: 'static'

During handling of the above exception, another exception occurred:

Traceback (most recent call last):
  File "/Users/neogueuli/Desktop/프로젝트/bijou/.venv/lib/python3.13/site-packages/django/core/handlers/exception.py", line 55, in inner
    response = get_response(request)
  File "/Users/neogueuli/Desktop/프로젝트/bijou/.venv/lib/python3.13/site-packages/django/core/handlers/base.py", line 220, in _get_response
    response = response.render()
  File "/Users/neogueuli/Desktop/프로젝트/bijou/.venv/lib/python3.13/site-packages/django/template/response.py", line 114, in render
    self.content = self.rendered_content
                   ^^^^^^^^^^^^^^^^^^^^^
  File "/Users/neogueuli/Desktop/프로젝트/bijou/.venv/lib/python3.13/site-packages/django/template/response.py", line 90, in rendered_content
    template = self.resolve_template(self.template_name)
  File "/Users/neogueuli/Desktop/프로젝트/bijou/.venv/lib/python3.13/site-packages/django/template/response.py", line 72, in resolve_template
    return select_template(template, using=self.using)
  File "/Users/neogueuli/Desktop/프로젝트/bijou/.venv/lib/python3.13/site-packages/django/template/loader.py", line 42, in select_template
    return engine.get_template(template_name)
           ~~~~~~~~~~~~~~~~~~~^^^^^^^^^^^^^^^
  File "/Users/neogueuli/Desktop/프로젝트/bijou/.venv/lib/python3.13/site-packages/django/template/backends/django.py", line 79, in get_template
    return Template(self.engine.get_template(template_name), self)
                    ~~~~~~~~~~~~~~~~~~~~~~~~^^^^^^^^^^^^^^^
  File "/Users/neogueuli/Desktop/프로젝트/bijou/.venv/lib/python3.13/site-packages/django/template/engine.py", line 177, in get_template
    template, origin = self.find_template(template_name)
                       ~~~~~~~~~~~~~~~~~~^^^^^^^^^^^^^^^
  File "/Users/neogueuli/Desktop/프로젝트/bijou/.venv/lib/python3.13/site-packages/django/template/engine.py", line 159, in find_template
    template = loader.get_template(name, skip=skip)
  File "/Users/neogueuli/Desktop/프로젝트/bijou/.venv/lib/python3.13/site-packages/django/template/loaders/cached.py", line 57, in get_template
    template = super().get_template(template_name, skip)
  File "/Users/neogueuli/Desktop/프로젝트/bijou/.venv/lib/python3.13/site-packages/django/template/loaders/base.py", line 28, in get_template
    return Template(
        contents,
    ...<2 lines>...
        self.engine,
    )
  File "/Users/neogueuli/Desktop/프로젝트/bijou/.venv/lib/python3.13/site-packages/django/template/base.py", line 154, in __init__
    self.nodelist = self.compile_nodelist()
                    ~~~~~~~~~~~~~~~~~~~~~^^
  File "/Users/neogueuli/Desktop/프로젝트/bijou/.venv/lib/python3.13/site-packages/django/template/base.py", line 196, in compile_nodelist
    nodelist = parser.parse()
  File "/Users/neogueuli/Desktop/프로젝트/bijou/.venv/lib/python3.13/site-packages/django/template/base.py", line 518, in parse
    raise self.error(token, e)
  File "/Users/neogueuli/Desktop/프로젝트/bijou/.venv/lib/python3.13/site-packages/django/template/base.py", line 516, in parse
    compiled_result = compile_func(self, token)
  File "/Users/neogueuli/Desktop/프로젝트/bijou/.venv/lib/python3.13/site-packages/django/template/loader_tags.py", line 299, in do_extends
    nodelist = parser.parse()
  File "/Users/neogueuli/Desktop/프로젝트/bijou/.venv/lib/python3.13/site-packages/django/template/base.py", line 518, in parse
    raise self.error(token, e)
  File "/Users/neogueuli/Desktop/프로젝트/bijou/.venv/lib/python3.13/site-packages/django/template/base.py", line 516, in parse
    compiled_result = compile_func(self, token)
  File "/Users/neogueuli/Desktop/프로젝트/bijou/.venv/lib/python3.13/site-packages/django/template/loader_tags.py", line 234, in do_block
    nodelist = parser.parse(("endblock",))
  File "/Users/neogueuli/Desktop/프로젝트/bijou/.venv/lib/python3.13/site-packages/django/template/base.py", line 518, in parse
    raise self.error(token, e)
  File "/Users/neogueuli/Desktop/프로젝트/bijou/.venv/lib/python3.13/site-packages/django/template/base.py", line 516, in parse
    compiled_result = compile_func(self, token)
  File "/Users/neogueuli/Desktop/프로젝트/bijou/.venv/lib/python3.13/site-packages/django/template/loader_tags.py", line 234, in do_block
    nodelist = parser.parse(("endblock",))
  File "/Users/neogueuli/Desktop/프로젝트/bijou/.venv/lib/python3.13/site-packages/django/template/base.py", line 512, in parse
    self.invalid_block_tag(token, command, parse_until)
    ~~~~~~~~~~~~~~~~~~~~~~^^^^^^^^^^^^^^^^^^^^^^^^^^^^^
  File "/Users/neogueuli/Desktop/프로젝트/bijou/.venv/lib/python3.13/site-packages/django/template/base.py", line 567, in invalid_block_tag
    raise self.error(
    ...<8 lines>...
    )
django.template.exceptions.TemplateSyntaxError: Invalid block tag on line 72: 'static', expected 'endblock'. Did you forget to register or load this tag?
2025-12-01 18:05:07 [ERROR] django.server:213 "GET /products/50/ HTTP/1.1" 500 205441
2025-12-01 18:05:17 [ERROR] django.request:253 Internal Server Error: /products/56/
Traceback (most recent call last):
  File "/Users/neogueuli/Desktop/프로젝트/bijou/.venv/lib/python3.13/site-packages/django/template/base.py", line 510, in parse
    compile_func = self.tags[command]
                   ~~~~~~~~~^^^^^^^^^
KeyError: 'static'

During handling of the above exception, another exception occurred:

Traceback (most recent call last):
  File "/Users/neogueuli/Desktop/프로젝트/bijou/.venv/lib/python3.13/site-packages/django/core/handlers/exception.py", line 55, in inner
    response = get_response(request)
  File "/Users/neogueuli/Desktop/프로젝트/bijou/.venv/lib/python3.13/site-packages/django/core/handlers/base.py", line 220, in _get_response
    response = response.render()
  File "/Users/neogueuli/Desktop/프로젝트/bijou/.venv/lib/python3.13/site-packages/django/template/response.py", line 114, in render
    self.content = self.rendered_content
                   ^^^^^^^^^^^^^^^^^^^^^
  File "/Users/neogueuli/Desktop/프로젝트/bijou/.venv/lib/python3.13/site-packages/django/template/response.py", line 90, in rendered_content
    template = self.resolve_template(self.template_name)
  File "/Users/neogueuli/Desktop/프로젝트/bijou/.venv/lib/python3.13/site-packages/django/template/response.py", line 72, in resolve_template
    return select_template(template, using=self.using)
  File "/Users/neogueuli/Desktop/프로젝트/bijou/.venv/lib/python3.13/site-packages/django/template/loader.py", line 42, in select_template
    return engine.get_template(template_name)
           ~~~~~~~~~~~~~~~~~~~^^^^^^^^^^^^^^^
  File "/Users/neogueuli/Desktop/프로젝트/bijou/.venv/lib/python3.13/site-packages/django/template/backends/django.py", line 79, in get_template
    return Template(self.engine.get_template(template_name), self)
                    ~~~~~~~~~~~~~~~~~~~~~~~~^^^^^^^^^^^^^^^
  File "/Users/neogueuli/Desktop/프로젝트/bijou/.venv/lib/python3.13/site-packages/django/template/engine.py", line 177, in get_template
    template, origin = self.find_template(template_name)
                       ~~~~~~~~~~~~~~~~~~^^^^^^^^^^^^^^^
  File "/Users/neogueuli/Desktop/프로젝트/bijou/.venv/lib/python3.13/site-packages/django/template/engine.py", line 159, in find_template
    template = loader.get_template(name, skip=skip)
  File "/Users/neogueuli/Desktop/프로젝트/bijou/.venv/lib/python3.13/site-packages/django/template/loaders/cached.py", line 57, in get_template
    template = super().get_template(template_name, skip)
  File "/Users/neogueuli/Desktop/프로젝트/bijou/.venv/lib/python3.13/site-packages/django/template/loaders/base.py", line 28, in get_template
    return Template(
        contents,
    ...<2 lines>...
        self.engine,
    )
  File "/Users/neogueuli/Desktop/프로젝트/bijou/.venv/lib/python3.13/site-packages/django/template/base.py", line 154, in __init__
    self.nodelist = self.compile_nodelist()
                    ~~~~~~~~~~~~~~~~~~~~~^^
  File "/Users/neogueuli/Desktop/프로젝트/bijou/.venv/lib/python3.13/site-packages/django/template/base.py", line 196, in compile_nodelist
    nodelist = parser.parse()
  File "/Users/neogueuli/Desktop/프로젝트/bijou/.venv/lib/python3.13/site-packages/django/template/base.py", line 518, in parse
    raise self.error(token, e)
  File "/Users/neogueuli/Desktop/프로젝트/bijou/.venv/lib/python3.13/site-packages/django/template/base.py", line 516, in parse
    compiled_result = compile_func(self, token)
  File "/Users/neogueuli/Desktop/프로젝트/bijou/.venv/lib/python3.13/site-packages/django/template/loader_tags.py", line 299, in do_extends
    nodelist = parser.parse()
  File "/Users/neogueuli/Desktop/프로젝트/bijou/.venv/lib/python3.13/site-packages/django/template/base.py", line 518, in parse
    raise self.error(token, e)
  File "/Users/neogueuli/Desktop/프로젝트/bijou/.venv/lib/python3.13/site-packages/django/template/base.py", line 516, in parse
    compiled_result = compile_func(self, token)
  File "/Users/neogueuli/Desktop/프로젝트/bijou/.venv/lib/python3.13/site-packages/django/template/loader_tags.py", line 234, in do_block
    nodelist = parser.parse(("endblock",))
  File "/Users/neogueuli/Desktop/프로젝트/bijou/.venv/lib/python3.13/site-packages/django/template/base.py", line 518, in parse
    raise self.error(token, e)
  File "/Users/neogueuli/Desktop/프로젝트/bijou/.venv/lib/python3.13/site-packages/django/template/base.py", line 516, in parse
    compiled_result = compile_func(self, token)
  File "/Users/neogueuli/Desktop/프로젝트/bijou/.venv/lib/python3.13/site-packages/django/template/loader_tags.py", line 234, in do_block
    nodelist = parser.parse(("endblock",))
  File "/Users/neogueuli/Desktop/프로젝트/bijou/.venv/lib/python3.13/site-packages/django/template/base.py", line 512, in parse
    self.invalid_block_tag(token, command, parse_until)
    ~~~~~~~~~~~~~~~~~~~~~~^^^^^^^^^^^^^^^^^^^^^^^^^^^^^
  File "/Users/neogueuli/Desktop/프로젝트/bijou/.venv/lib/python3.13/site-packages/django/template/base.py", line 567, in invalid_block_tag
    raise self.error(
    ...<8 lines>...
    )
django.template.exceptions.TemplateSyntaxError: Invalid block tag on line 72: 'static', expected 'endblock'. Did you forget to register or load this tag?
2025-12-01 18:05:17 [ERROR] django.server:213 "GET /products/56/ HTTP/1.1" 500 205304
2025-12-01 18:06:02 [ERROR] django.request:253 Internal Server Error: /products/56/
Traceback (most recent call last):
  File "/Users/neogueuli/Desktop/프로젝트/bijou/.venv/lib/python3.13/site-packages/django/template/base.py", line 510, in parse
    compile_func = self.tags[command]
                   ~~~~~~~~~^^^^^^^^^
KeyError: 'static'

During handling of the above exception, another exception occurred:

Traceback (most recent call last):
  File "/Users/neogueuli/Desktop/프로젝트/bijou/.venv/lib/python3.13/site-packages/django/core/handlers/exception.py", line 55, in inner
    response = get_response(request)
  File "/Users/neogueuli/Desktop/프로젝트/bijou/.venv/lib/python3.13/site-packages/django/core/handlers/base.py", line 220, in _get_response
    response = response.render()
  File "/Users/neogueuli/Desktop/프로젝트/bijou/.venv/lib/python3.13/site-packages/django/template/response.py", line 114, in render
    self.content = self.rendered_content
                   ^^^^^^^^^^^^^^^^^^^^^
  File "/Users/neogueuli/Desktop/프로젝트/bijou/.venv/lib/python3.13/site-packages/django/template/response.py", line 90, in rendered_content
    template = self.resolve_template(self.template_name)
  File "/Users/neogueuli/Desktop/프로젝트/bijou/.venv/lib/python3.13/site-packages/django/template/response.py", line 72, in resolve_template
    return select_template(template, using=self.using)
  File "/Users/neogueuli/Desktop/프로젝트/bijou/.venv/lib/python3.13/site-packages/django/template/loader.py", line 42, in select_template
    return engine.get_template(template_name)
           ~~~~~~~~~~~~~~~~~~~^^^^^^^^^^^^^^^
  File "/Users/neogueuli/Desktop/프로젝트/bijou/.venv/lib/python3.13/site-packages/django/template/backends/django.py", line 79, in get_template
    return Template(self.engine.get_template(template_name), self)
                    ~~~~~~~~~~~~~~~~~~~~~~~~^^^^^^^^^^^^^^^
  File "/Users/neogueuli/Desktop/프로젝트/bijou/.venv/lib/python3.13/site-packages/django/template/engine.py", line 177, in get_template
    template, origin = self.find_template(template_name)
                       ~~~~~~~~~~~~~~~~~~^^^^^^^^^^^^^^^
  File "/Users/neogueuli/Desktop/프로젝트/bijou/.venv/lib/python3.13/site-packages/django/template/engine.py", line 159, in find_template
    template = loader.get_template(name, skip=skip)
  File "/Users/neogueuli/Desktop/프로젝트/bijou/.venv/lib/python3.13/site-packages/django/template/loaders/cached.py", line 57, in get_template
    template = super().get_template(template_name, skip)
  File "/Users/neogueuli/Desktop/프로젝트/bijou/.venv/lib/python3.13/site-packages/django/template/loaders/base.py", line 28, in get_template
    return Template(
        contents,
    ...<2 lines>...
        self.engine,
    )
  File "/Users/neogueuli/Desktop/프로젝트/bijou/.venv/lib/python3.13/site-packages/django/template/base.py", line 154, in __init__
    self.nodelist = self.compile_nodelist()
                    ~~~~~~~~~~~~~~~~~~~~~^^
  File "/Users/neogueuli/Desktop/프로젝트/bijou/.venv/lib/python3.13/site-packages/django/template/base.py", line 196, in compile_nodelist
    nodelist = parser.parse()
  File "/Users/neogueuli/Desktop/프로젝트/bijou/.venv/lib/python3.13/site-packages/django/template/base.py", line 518, in parse
    raise self.error(token, e)
  File "/Users/neogueuli/Desktop/프로젝트/bijou/.venv/lib/python3.13/site-packages/django/template/base.py", line 516, in parse
    compiled_result = compile_func(self, token)
  File "/Users/neogueuli/Desktop/프로젝트/bijou/.venv/lib/python3.13/site-packages/django/template/loader_tags.py", line 299, in do_extends
    nodelist = parser.parse()
  File "/Users/neogueuli/Desktop/프로젝트/bijou/.venv/lib/python3.13/site-packages/django/template/base.py", line 518, in parse
    raise self.error(token, e)
  File "/Users/neogueuli/Desktop/프로젝트/bijou/.venv/lib/python3.13/site-packages/django/template/base.py", line 516, in parse
    compiled_result = compile_func(self, token)
  File "/Users/neogueuli/Desktop/프로젝트/bijou/.venv/lib/python3.13/site-packages/django/template/loader_tags.py", line 234, in do_block
    nodelist = parser.parse(("endblock",))
  File "/Users/neogueuli/Desktop/프로젝트/bijou/.venv/lib/python3.13/site-packages/django/template/base.py", line 518, in parse
    raise self.error(token, e)
  File "/Users/neogueuli/Desktop/프로젝트/bijou/.venv/lib/python3.13/site-packages/django/template/base.py", line 516, in parse
    compiled_result = compile_func(self, token)
  File "/Users/neogueuli/Desktop/프로젝트/bijou/.venv/lib/python3.13/site-packages/django/template/loader_tags.py", line 234, in do_block
    nodelist = parser.parse(("endblock",))
  File "/Users/neogueuli/Desktop/프로젝트/bijou/.venv/lib/python3.13/site-packages/django/template/base.py", line 512, in parse
    self.invalid_block_tag(token, command, parse_until)
    ~~~~~~~~~~~~~~~~~~~~~~^^^^^^^^^^^^^^^^^^^^^^^^^^^^^
  File "/Users/neogueuli/Desktop/프로젝트/bijou/.venv/lib/python3.13/site-packages/django/template/base.py", line 567, in invalid_block_tag
    raise self.error(
    ...<8 lines>...
    )
django.template.exceptions.TemplateSyntaxError: Invalid block tag on line 72: 'static', expected 'endblock'. Did you forget to register or load this tag?
2025-12-01 18:06:02 [ERROR] django.server:213 "GET /products/56/ HTTP/1.1" 500 205466
2025-12-01 18:07:08 [ERROR] django.request:253 Internal Server Error: /products/56/
Traceback (most recent call last):
  File "/Users/neogueuli/Desktop/프로젝트/bijou/.venv/lib/python3.13/site-packages/django/urls/base.py", line 81, in reverse
    extra, resolver = resolver.namespace_dict[ns]
                      ~~~~~~~~~~~~~~~~~~~~~~~^^^^
KeyError: 'order'

During handling of the above exception, another exception occurred:

Traceback (most recent call last):
  File "/Users/neogueuli/Desktop/프로젝트/bijou/.venv/lib/python3.13/site-packages/django/core/handlers/exception.py", line 55, in inner
    response = get_response(request)
  File "/Users/neogueuli/Desktop/프로젝트/bijou/.venv/lib/python3.13/site-packages/django/core/handlers/base.py", line 220, in _get_response
    response = response.render()
  File "/Users/neogueuli/Desktop/프로젝트/bijou/.venv/lib/python3.13/site-packages/django/template/response.py", line 114, in render
    self.content = self.rendered_content
                   ^^^^^^^^^^^^^^^^^^^^^
  File "/Users/neogueuli/Desktop/프로젝트/bijou/.venv/lib/python3.13/site-packages/django/template/response.py", line 92, in rendered_content
    return template.render(context, self._request)
           ~~~~~~~~~~~~~~~^^^^^^^^^^^^^^^^^^^^^^^^
  File "/Users/neogueuli/Desktop/프로젝트/bijou/.venv/lib/python3.13/site-packages/django/template/backends/django.py", line 107, in render
    return self.template.render(context)
           ~~~~~~~~~~~~~~~~~~~~^^^^^^^^^
  File "/Users/neogueuli/Desktop/프로젝트/bijou/.venv/lib/python3.13/site-packages/django/template/base.py", line 171, in render
    return self._render(context)
           ~~~~~~~~~~~~^^^^^^^^^
  File "/Users/neogueuli/Desktop/프로젝트/bijou/.venv/lib/python3.13/site-packages/django/template/base.py", line 163, in _render
    return self.nodelist.render(context)
           ~~~~~~~~~~~~~~~~~~~~^^^^^^^^^
  File "/Users/neogueuli/Desktop/프로젝트/bijou/.venv/lib/python3.13/site-packages/django/template/base.py", line 1016, in render
    return SafeString("".join([node.render_annotated(context) for node in self]))
                               ~~~~~~~~~~~~~~~~~~~~~^^^^^^^^^
  File "/Users/neogueuli/Desktop/프로젝트/bijou/.venv/lib/python3.13/site-packages/django/template/base.py", line 977, in render_annotated
    return self.render(context)
           ~~~~~~~~~~~^^^^^^^^^
  File "/Users/neogueuli/Desktop/프로젝트/bijou/.venv/lib/python3.13/site-packages/django/template/loader_tags.py", line 159, in render
    return compiled_parent._render(context)
           ~~~~~~~~~~~~~~~~~~~~~~~^^^^^^^^^
  File "/Users/neogueuli/Desktop/프로젝트/bijou/.venv/lib/python3.13/site-packages/django/template/base.py", line 163, in _render
    return self.nodelist.render(context)
           ~~~~~~~~~~~~~~~~~~~~^^^^^^^^^
  File "/Users/neogueuli/Desktop/프로젝트/bijou/.venv/lib/python3.13/site-packages/django/template/base.py", line 1016, in render
    return SafeString("".join([node.render_annotated(context) for node in self]))
                               ~~~~~~~~~~~~~~~~~~~~~^^^^^^^^^
  File "/Users/neogueuli/Desktop/프로젝트/bijou/.venv/lib/python3.13/site-packages/django/template/base.py", line 977, in render_annotated
    return self.render(context)
           ~~~~~~~~~~~^^^^^^^^^
  File "/Users/neogueuli/Desktop/프로젝트/bijou/.venv/lib/python3.13/site-packages/django/template/loader_tags.py", line 65, in render
    result = block.nodelist.render(context)
  File "/Users/neogueuli/Desktop/프로젝트/bijou/.venv/lib/python3.13/site-packages/django/template/base.py", line 1016, in render
    return SafeString("".join([node.render_annotated(context) for node in self]))
                               ~~~~~~~~~~~~~~~~~~~~~^^^^^^^^^
  File "/Users/neogueuli/Desktop/프로젝트/bijou/.venv/lib/python3.13/site-packages/django/template/base.py", line 977, in render_annotated
    return self.render(context)
           ~~~~~~~~~~~^^^^^^^^^
  File "/Users/neogueuli/Desktop/프로젝트/bijou/.venv/lib/python3.13/site-packages/django/template/loader_tags.py", line 65, in render
    result = block.nodelist.render(context)
  File "/Users/neogueuli/Desktop/프로젝트/bijou/.venv/lib/python3.13/site-packages/django/template/base.py", line 1016, in render
    return SafeString("".join([node.render_annotated(context) for node in self]))
                               ~~~~~~~~~~~~~~~~~~~~~^^^^^^^^^
  File "/Users/neogueuli/Desktop/프로젝트/bijou/.venv/lib/python3.13/site-packages/django/template/base.py", line 977, in render_annotated
    return self.render(context)
           ~~~~~~~~~~~^^^^^^^^^
  File "/Users/neogueuli/Desktop/프로젝트/bijou/.venv/lib/python3.13/site-packages/django/template/base.py", line 1081, in render
    return render_value_in_context(output, context)
  File "/Users/neogueuli/Desktop/프로젝트/bijou/.venv/lib/python3.13/site-packages/django/template/base.py", line 1058, in render_value_in_context
    value = str(value)
  File "/Users/neogueuli/Desktop/프로젝트/bijou/.venv/lib/python3.13/site-packages/django/utils/functional.py", line 119, in __str__
    return str(self.__cast())
               ~~~~~~~~~~~^^
  File "/Users/neogueuli/Desktop/프로젝트/bijou/.venv/lib/python3.13/site-packages/django/utils/functional.py", line 110, in __cast
    return func(*self._args, **self._kw)
  File "/Users/neogueuli/Desktop/프로젝트/bijou/.venv/lib/python3.13/site-packages/django/urls/base.py", line 92, in reverse
    raise NoReverseMatch("%s is not a registered namespace" % key)
django.urls.exceptions.NoReverseMatch: 'order' is not a registered namespace
2025-12-01 18:07:08 [ERROR] django.server:213 "GET /products/56/ HTTP/1.1" 500 184363
2025-12-01 18:07:40 [ERROR] django.request:253 Internal Server Error: /products/56/
Traceback (most recent call last):
  File "/Users/neogueuli/Desktop/프로젝트/bijou/.venv/lib/python3.13/site-packages/django/urls/base.py", line 81, in reverse
    extra, resolver = resolver.namespace_dict[ns]
                      ~~~~~~~~~~~~~~~~~~~~~~~^^^^
KeyError: 'order'

During handling of the above exception, another exception occurred:

Traceback (most recent call last):
  File "/Users/neogueuli/Desktop/프로젝트/bijou/.venv/lib/python3.13/site-packages/django/core/handlers/exception.py", line 55, in inner
    response = get_response(request)
  File "/Users/neogueuli/Desktop/프로젝트/bijou/.venv/lib/python3.13/site-packages/django/core/handlers/base.py", line 220, in _get_response
    response = response.render()
  File "/Users/neogueuli/Desktop/프로젝트/bijou/.venv/lib/python3.13/site-packages/django/template/response.py", line 114, in render
    self.content = self.rendered_content
                   ^^^^^^^^^^^^^^^^^^^^^
  File "/Users/neogueuli/Desktop/프로젝트/bijou/.venv/lib/python3.13/site-packages/django/template/response.py", line 92, in rendered_content
    return template.render(context, self._request)
           ~~~~~~~~~~~~~~~^^^^^^^^^^^^^^^^^^^^^^^^
  File "/Users/neogueuli/Desktop/프로젝트/bijou/.venv/lib/python3.13/site-packages/django/template/backends/django.py", line 107, in render
    return self.template.render(context)
           ~~~~~~~~~~~~~~~~~~~~^^^^^^^^^
  File "/Users/neogueuli/Desktop/프로젝트/bijou/.venv/lib/python3.13/site-packages/django/template/base.py", line 171, in render
    return self._render(context)
           ~~~~~~~~~~~~^^^^^^^^^
  File "/Users/neogueuli/Desktop/프로젝트/bijou/.venv/lib/python3.13/site-packages/django/template/base.py", line 163, in _render
    return self.nodelist.render(context)
           ~~~~~~~~~~~~~~~~~~~~^^^^^^^^^
  File "/Users/neogueuli/Desktop/프로젝트/bijou/.venv/lib/python3.13/site-packages/django/template/base.py", line 1016, in render
    return SafeString("".join([node.render_annotated(context) for node in self]))
                               ~~~~~~~~~~~~~~~~~~~~~^^^^^^^^^
  File "/Users/neogueuli/Desktop/프로젝트/bijou/.venv/lib/python3.13/site-packages/django/template/base.py", line 977, in render_annotated
    return self.render(context)
           ~~~~~~~~~~~^^^^^^^^^
  File "/Users/neogueuli/Desktop/프로젝트/bijou/.venv/lib/python3.13/site-packages/django/template/loader_tags.py", line 159, in render
    return compiled_parent._render(context)
           ~~~~~~~~~~~~~~~~~~~~~~~^^^^^^^^^
  File "/Users/neogueuli/Desktop/프로젝트/bijou/.venv/lib/python3.13/site-packages/django/template/base.py", line 163, in _render
    return self.nodelist.render(context)
           ~~~~~~~~~~~~~~~~~~~~^^^^^^^^^
  File "/Users/neogueuli/Desktop/프로젝트/bijou/.venv/lib/python3.13/site-packages/django/template/base.py", line 1016, in render
    return SafeString("".join([node.render_annotated(context) for node in self]))
                               ~~~~~~~~~~~~~~~~~~~~~^^^^^^^^^
  File "/Users/neogueuli/Desktop/프로젝트/bijou/.venv/lib/python3.13/site-packages/django/template/base.py", line 977, in render_annotated
    return self.render(context)
           ~~~~~~~~~~~^^^^^^^^^
  File "/Users/neogueuli/Desktop/프로젝트/bijou/.venv/lib/python3.13/site-packages/django/template/loader_tags.py", line 65, in render
    result = block.nodelist.render(context)
  File "/Users/neogueuli/Desktop/프로젝트/bijou/.venv/lib/python3.13/site-packages/django/template/base.py", line 1016, in render
    return SafeString("".join([node.render_annotated(context) for node in self]))
                               ~~~~~~~~~~~~~~~~~~~~~^^^^^^^^^
  File "/Users/neogueuli/Desktop/프로젝트/bijou/.venv/lib/python3.13/site-packages/django/template/base.py", line 977, in render_annotated
    return self.render(context)
           ~~~~~~~~~~~^^^^^^^^^
  File "/Users/neogueuli/Desktop/프로젝트/bijou/.venv/lib/python3.13/site-packages/django/template/loader_tags.py", line 65, in render
    result = block.nodelist.render(context)
  File "/Users/neogueuli/Desktop/프로젝트/bijou/.venv/lib/python3.13/site-packages/django/template/base.py", line 1016, in render
    return SafeString("".join([node.render_annotated(context) for node in self]))
                               ~~~~~~~~~~~~~~~~~~~~~^^^^^^^^^
  File "/Users/neogueuli/Desktop/프로젝트/bijou/.venv/lib/python3.13/site-packages/django/template/base.py", line 977, in render_annotated
    return self.render(context)
           ~~~~~~~~~~~^^^^^^^^^
  File "/Users/neogueuli/Desktop/프로젝트/bijou/.venv/lib/python3.13/site-packages/django/template/base.py", line 1081, in render
    return render_value_in_context(output, context)
  File "/Users/neogueuli/Desktop/프로젝트/bijou/.venv/lib/python3.13/site-packages/django/template/base.py", line 1058, in render_value_in_context
    value = str(value)
  File "/Users/neogueuli/Desktop/프로젝트/bijou/.venv/lib/python3.13/site-packages/django/utils/functional.py", line 119, in __str__
    return str(self.__cast())
               ~~~~~~~~~~~^^
  File "/Users/neogueuli/Desktop/프로젝트/bijou/.venv/lib/python3.13/site-packages/django/utils/functional.py", line 110, in __cast
    return func(*self._args, **self._kw)
  File "/Users/neogueuli/Desktop/프로젝트/bijou/.venv/lib/python3.13/site-packages/django/urls/base.py", line 92, in reverse
    raise NoReverseMatch("%s is not a registered namespace" % key)
django.urls.exceptions.NoReverseMatch: 'order' is not a registered namespace
2025-12-01 18:07:40 [ERROR] django.server:213 "GET /products/56/ HTTP/1.1" 500 184363
2025-12-01 18:08:10 [INFO] django.utils.autoreload:265 /Users/neogueuli/Desktop/프로젝트/bijou/src/config/urls.py changed, reloading.
2025-12-01 18:08:10 [INFO] axes.apps:53 AXES: BEGIN version 8.0.0, blocking by ip_address
2025-12-01 18:08:10 [INFO] django.utils.autoreload:667 Watching for file changes with StatReloader
2025-12-01 18:08:23 [INFO] django.server:213 "GET /products/56/ HTTP/1.1" 200 7378
2025-12-01 18:08:23 [INFO] django.server:213 "GET /static/product/detail.js HTTP/1.1" 200 1785
2025-12-01 18:08:26 [INFO] django.server:213 "GET /products/56/ HTTP/1.1" 200 7378
2025-12-01 18:08:30 [INFO] django.server:213 "GET /products/55/ HTTP/1.1" 200 6220
2025-12-01 18:08:38 [INFO] django.server:213 "POST /orders/prepare/ HTTP/1.1" 200 269
2025-12-01 18:08:38 [INFO] django.server:213 "POST /orders/prepare/ HTTP/1.1" 200 269
2025-12-01 18:08:43 [INFO] django.server:213 "POST /orders/prepare/ HTTP/1.1" 200 269
2025-12-01 18:08:43 [INFO] django.server:213 "POST /orders/prepare/ HTTP/1.1" 200 269
2025-12-01 18:08:44 [INFO] django.server:213 "POST /orders/prepare/ HTTP/1.1" 200 269
2025-12-01 18:08:44 [INFO] django.server:213 "POST /orders/prepare/ HTTP/1.1" 200 269
2025-12-01 18:08:45 [INFO] django.server:213 "POST /orders/prepare/ HTTP/1.1" 200 269
2025-12-01 18:08:45 [INFO] django.server:213 "POST /orders/prepare/ HTTP/1.1" 200 269
2025-12-01 18:08:45 [INFO] django.server:213 "POST /orders/prepare/ HTTP/1.1" 200 269
2025-12-01 18:08:45 [INFO] django.server:213 "POST /orders/prepare/ HTTP/1.1" 200 269
2025-12-01 18:08:45 [INFO] django.server:213 "POST /orders/prepare/ HTTP/1.1" 200 269
2025-12-01 18:08:45 [INFO] django.server:213 "POST /orders/prepare/ HTTP/1.1" 200 269
2025-12-01 18:08:46 [INFO] django.server:213 "POST /orders/prepare/ HTTP/1.1" 200 269
2025-12-01 18:08:46 [INFO] django.server:213 "POST /orders/prepare/ HTTP/1.1" 200 269
2025-12-01 18:08:48 [WARNING] django.request:253 Not Found: /.well-known/appspecific/com.chrome.devtools.json
2025-12-01 18:08:48 [WARNING] django.server:213 "GET /.well-known/appspecific/com.chrome.devtools.json HTTP/1.1" 404 2929
2025-12-01 18:09:06 [INFO] django.server:213 "POST /orders/prepare/ HTTP/1.1" 200 270
2025-12-01 18:09:06 [INFO] django.server:213 "POST /orders/prepare/ HTTP/1.1" 200 270
2025-12-01 18:10:02 [INFO] django.server:213 "GET /products/55/ HTTP/1.1" 200 6362
2025-12-01 18:10:02 [INFO] django.server:213 "GET /static/product/detail.js HTTP/1.1" 200 2289
2025-12-01 18:10:02 [WARNING] django.request:253 Not Found: /.well-known/appspecific/com.chrome.devtools.json
2025-12-01 18:10:02 [WARNING] django.server:213 "GET /.well-known/appspecific/com.chrome.devtools.json HTTP/1.1" 404 2929
2025-12-01 18:10:12 [INFO] django.server:213 "POST /orders/prepare/ HTTP/1.1" 200 269
2025-12-01 18:10:12 [INFO] django.server:213 "POST /orders/prepare/ HTTP/1.1" 200 269
2025-12-01 18:10:21 [INFO] django.server:213 "GET /products/55/ HTTP/1.1" 200 6362
2025-12-01 18:10:21 [INFO] django.server:213 "GET /static/product/detail.js HTTP/1.1" 304 0
2025-12-01 18:10:24 [WARNING] django.request:253 Not Found: /.well-known/appspecific/com.chrome.devtools.json
2025-12-01 18:10:24 [WARNING] django.server:213 "GET /.well-known/appspecific/com.chrome.devtools.json HTTP/1.1" 404 2929
2025-12-01 18:10:28 [INFO] django.server:213 "POST /orders/prepare/ HTTP/1.1" 200 269
2025-12-01 18:10:28 [INFO] django.server:213 "POST /orders/prepare/ HTTP/1.1" 200 269
2025-12-01 18:13:52 [INFO] django.server:213 "GET /products/55/ HTTP/1.1" 200 6614
2025-12-01 18:13:52 [INFO] django.server:213 "GET /static/product/detail.js HTTP/1.1" 304 0
2025-12-01 18:13:52 [WARNING] django.request:253 Not Found: /.well-known/appspecific/com.chrome.devtools.json
2025-12-01 18:13:52 [WARNING] django.server:213 "GET /.well-known/appspecific/com.chrome.devtools.json HTTP/1.1" 404 2929
2025-12-01 18:15:25 [INFO] django.server:213 "POST /orders/prepare/ HTTP/1.1" 200 269
2025-12-01 18:15:25 [INFO] django.server:213 "POST /orders/prepare/ HTTP/1.1" 200 269
2025-12-01 18:15:26 [INFO] django.server:213 "POST /orders/prepare/ HTTP/1.1" 200 269
2025-12-01 18:15:26 [INFO] django.server:213 "POST /orders/prepare/ HTTP/1.1" 200 269
2025-12-01 18:15:26 [INFO] django.server:213 "POST /orders/prepare/ HTTP/1.1" 200 269
2025-12-01 18:15:26 [INFO] django.server:213 "POST /orders/prepare/ HTTP/1.1" 200 269
2025-12-01 18:15:26 [INFO] django.server:213 "POST /orders/prepare/ HTTP/1.1" 200 269
2025-12-01 18:15:26 [INFO] django.server:213 "POST /orders/prepare/ HTTP/1.1" 200 269
2025-12-01 18:15:26 [INFO] django.server:213 "POST /orders/prepare/ HTTP/1.1" 200 269
2025-12-01 18:15:26 [INFO] django.server:213 "POST /orders/prepare/ HTTP/1.1" 200 269
2025-12-01 18:15:26 [INFO] django.server:213 "POST /orders/prepare/ HTTP/1.1" 200 269
2025-12-01 18:15:26 [INFO] django.server:213 "POST /orders/prepare/ HTTP/1.1" 200 269
2025-12-01 18:15:34 [INFO] django.server:213 "POST /orders/prepare/ HTTP/1.1" 200 269
2025-12-01 18:15:34 [INFO] django.server:213 "POST /orders/prepare/ HTTP/1.1" 200 269
2025-12-01 18:15:59 [INFO] django.server:213 "GET /products/55/ HTTP/1.1" 200 6614
2025-12-01 18:15:59 [INFO] django.server:213 "GET /static/product/detail.js HTTP/1.1" 304 0
2025-12-01 18:16:00 [WARNING] django.request:253 Not Found: /.well-known/appspecific/com.chrome.devtools.json
2025-12-01 18:16:00 [WARNING] django.server:213 "GET /.well-known/appspecific/com.chrome.devtools.json HTTP/1.1" 404 2929
2025-12-01 18:33:35 [INFO] django.server:213 "GET /products/55/ HTTP/1.1" 200 6614
2025-12-01 18:33:35 [INFO] django.server:213 "GET /static/product/detail.js HTTP/1.1" 304 0
2025-12-01 18:33:35 [WARNING] django.request:253 Not Found: /.well-known/appspecific/com.chrome.devtools.json
2025-12-01 18:33:35 [WARNING] django.server:213 "GET /.well-known/appspecific/com.chrome.devtools.json HTTP/1.1" 404 2929
2025-12-01 18:33:52 [INFO] django.server:213 "POST /orders/prepare/ HTTP/1.1" 200 269
2025-12-01 18:33:52 [INFO] django.server:213 "POST /orders/prepare/ HTTP/1.1" 200 269
2025-12-01 18:35:32 [INFO] django.server:213 "POST /orders/prepare/ HTTP/1.1" 200 269
2025-12-01 18:35:32 [INFO] django.server:213 "POST /orders/prepare/ HTTP/1.1" 200 269
2025-12-01 18:35:33 [INFO] django.server:213 "POST /orders/prepare/ HTTP/1.1" 200 269
2025-12-01 18:35:33 [INFO] django.server:213 "POST /orders/prepare/ HTTP/1.1" 200 269
2025-12-01 18:36:27 [INFO] django.utils.autoreload:265 /Users/neogueuli/Desktop/프로젝트/bijou/src/order/views.py changed, reloading.
2025-12-01 18:36:27 [INFO] axes.apps:53 AXES: BEGIN version 8.0.0, blocking by ip_address
2025-12-01 18:36:27 [INFO] django.utils.autoreload:667 Watching for file changes with StatReloader
2025-12-01 18:39:24 [INFO] django.server:213 "GET /products/55/ HTTP/1.1" 200 6682
2025-12-01 18:39:24 [INFO] django.server:213 "GET /static/product/detail.js HTTP/1.1" 304 0
2025-12-01 18:39:25 [WARNING] django.request:253 Not Found: /.well-known/appspecific/com.chrome.devtools.json
2025-12-01 18:39:25 [WARNING] django.server:213 "GET /.well-known/appspecific/com.chrome.devtools.json HTTP/1.1" 404 2929
2025-12-01 18:41:19 [INFO] axes.apps:53 AXES: BEGIN version 8.0.0, blocking by ip_address
2025-12-01 18:45:32 [INFO] django.utils.autoreload:265 /Users/neogueuli/Desktop/프로젝트/bijou/src/config/settings.py changed, reloading.
2025-12-01 18:45:32 [INFO] axes.apps:53 AXES: BEGIN version 8.0.0, blocking by ip_address
2025-12-01 18:45:32 [INFO] django.utils.autoreload:667 Watching for file changes with StatReloader
2025-12-01 18:45:37 [INFO] django.server:213 "GET /products/55/ HTTP/1.1" 200 6682
2025-12-01 18:45:37 [INFO] django.server:213 "GET /static/product/detail.js HTTP/1.1" 304 0
2025-12-01 18:45:39 [WARNING] django.request:253 Not Found: /.well-known/appspecific/com.chrome.devtools.json
2025-12-01 18:45:39 [WARNING] django.server:213 "GET /.well-known/appspecific/com.chrome.devtools.json HTTP/1.1" 404 2929
2025-12-01 18:45:41 [INFO] django.server:213 "POST /orders/prepare/ HTTP/1.1" 200 269
2025-12-01 18:45:41 [INFO] django.server:213 "POST /orders/prepare/ HTTP/1.1" 200 269
2025-12-01 18:46:08 [INFO] django.utils.autoreload:265 /Users/neogueuli/Desktop/프로젝트/bijou/src/config/settings.py changed, reloading.
2025-12-01 18:46:09 [INFO] axes.apps:53 AXES: BEGIN version 8.0.0, blocking by ip_address
2025-12-01 18:46:09 [INFO] django.utils.autoreload:667 Watching for file changes with StatReloader
2025-12-01 18:46:19 [INFO] django.server:213 "GET /products/55/ HTTP/1.1" 200 6682
2025-12-01 18:46:21 [WARNING] django.request:253 Not Found: /.well-known/appspecific/com.chrome.devtools.json
2025-12-01 18:46:21 [WARNING] django.server:213 "GET /.well-known/appspecific/com.chrome.devtools.json HTTP/1.1" 404 2929
2025-12-01 18:50:50 [INFO] django.utils.autoreload:265 /Users/neogueuli/Desktop/프로젝트/bijou/src/config/settings.py changed, reloading.
2025-12-01 18:50:50 [INFO] axes.apps:53 AXES: BEGIN version 8.0.0, blocking by ip_address
2025-12-01 18:50:50 [INFO] django.utils.autoreload:667 Watching for file changes with StatReloader
2025-12-01 18:58:35 [INFO] django.server:213 "GET / HTTP/1.1" 200 22789
2025-12-01 18:58:35 [WARNING] django.request:253 Not Found: /.well-known/appspecific/com.chrome.devtools.json
2025-12-01 18:58:35 [WARNING] django.server:213 "GET /.well-known/appspecific/com.chrome.devtools.json HTTP/1.1" 404 2929
2025-12-01 18:58:37 [INFO] django.server:213 "GET /accounts/login/ HTTP/1.1" 302 0
2025-12-01 18:58:37 [INFO] django.server:213 "GET / HTTP/1.1" 200 22789
2025-12-01 18:58:37 [WARNING] django.request:253 Not Found: /.well-known/appspecific/com.chrome.devtools.json
2025-12-01 18:58:37 [WARNING] django.server:213 "GET /.well-known/appspecific/com.chrome.devtools.json HTTP/1.1" 404 2929
2025-12-01 18:58:40 [INFO] django.server:213 "GET /products/49/ HTTP/1.1" 200 6579
2025-12-01 18:58:40 [WARNING] django.request:253 Not Found: /.well-known/appspecific/com.chrome.devtools.json
2025-12-01 18:58:40 [INFO] django.server:213 "GET /static/product/detail.js HTTP/1.1" 304 0
2025-12-01 18:58:40 [WARNING] django.server:213 "GET /.well-known/appspecific/com.chrome.devtools.json HTTP/1.1" 404 2929
2025-12-01 18:58:42 [INFO] django.server:213 "GET / HTTP/1.1" 200 22789
2025-12-01 18:58:42 [WARNING] django.request:253 Not Found: /.well-known/appspecific/com.chrome.devtools.json
2025-12-01 18:58:42 [WARNING] django.server:213 "GET /.well-known/appspecific/com.chrome.devtools.json HTTP/1.1" 404 2929
2025-12-01 18:58:45 [INFO] django.server:213 "GET /products/49/ HTTP/1.1" 200 6579
2025-12-01 18:58:45 [WARNING] django.request:253 Not Found: /.well-known/appspecific/com.chrome.devtools.json
2025-12-01 18:58:45 [WARNING] django.server:213 "GET /.well-known/appspecific/com.chrome.devtools.json HTTP/1.1" 404 2929
2025-12-01 18:59:22 [WARNING] django.request:253 Not Found: /.well-known/appspecific/com.chrome.devtools.json
2025-12-01 18:59:22 [WARNING] django.server:213 "GET /.well-known/appspecific/com.chrome.devtools.json HTTP/1.1" 404 2929
2025-12-01 19:00:40 [INFO] django.utils.autoreload:265 /Users/neogueuli/Desktop/프로젝트/bijou/src/order/views.py changed, reloading.
2025-12-01 19:00:40 [INFO] axes.apps:53 AXES: BEGIN version 8.0.0, blocking by ip_address
2025-12-01 19:00:40 [INFO] django.utils.autoreload:667 Watching for file changes with StatReloader
2025-12-01 19:01:03 [INFO] django.utils.autoreload:265 /Users/neogueuli/Desktop/프로젝트/bijou/src/order/views.py changed, reloading.
2025-12-01 19:01:04 [INFO] axes.apps:53 AXES: BEGIN version 8.0.0, blocking by ip_address
2025-12-01 19:01:04 [INFO] django.utils.autoreload:667 Watching for file changes with StatReloader
2025-12-01 19:01:23 [INFO] django.server:213 "GET /products/49/ HTTP/1.1" 200 6701
2025-12-01 19:01:23 [WARNING] django.request:253 Not Found: /.well-known/appspecific/com.chrome.devtools.json
2025-12-01 19:01:23 [WARNING] django.server:213 "GET /.well-known/appspecific/com.chrome.devtools.json HTTP/1.1" 404 2929
2025-12-01 19:01:33 [INFO] django.server:213 "POST /orders/prepare/ HTTP/1.1" 200 287
2025-12-01 19:01:33 [INFO] django.server:213 "POST /orders/prepare/ HTTP/1.1" 200 287
2025-12-01 19:02:34 [INFO] django.server:213 "GET /products/49/ HTTP/1.1" 200 6511
2025-12-01 19:02:35 [WARNING] django.request:253 Not Found: /.well-known/appspecific/com.chrome.devtools.json
2025-12-01 19:02:35 [WARNING] django.server:213 "GET /.well-known/appspecific/com.chrome.devtools.json HTTP/1.1" 404 2929
2025-12-01 19:10:01 [INFO] django.utils.autoreload:265 /Users/neogueuli/Desktop/프로젝트/bijou/src/order/views.py changed, reloading.
2025-12-01 19:10:01 [INFO] axes.apps:53 AXES: BEGIN version 8.0.0, blocking by ip_address
2025-12-01 19:10:01 [INFO] django.utils.autoreload:667 Watching for file changes with StatReloader
2025-12-01 19:10:31 [INFO] django.server:213 "GET / HTTP/1.1" 200 22789
2025-12-01 19:10:31 [WARNING] django.request:253 Not Found: /.well-known/appspecific/com.chrome.devtools.json
2025-12-01 19:10:31 [WARNING] django.server:213 "GET /.well-known/appspecific/com.chrome.devtools.json HTTP/1.1" 404 2929
2025-12-01 19:10:34 [INFO] django.server:213 "GET /products/51/ HTTP/1.1" 200 7059
2025-12-01 19:10:34 [WARNING] django.request:253 Not Found: /.well-known/appspecific/com.chrome.devtools.json
2025-12-01 19:10:34 [INFO] django.server:213 "GET /static/product/detail.js HTTP/1.1" 304 0
2025-12-01 19:10:34 [WARNING] django.server:213 "GET /.well-known/appspecific/com.chrome.devtools.json HTTP/1.1" 404 2929
2025-12-01 19:10:39 [INFO] django.server:213 "POST /orders/prepare/ HTTP/1.1" 200 268
2025-12-01 19:10:39 [INFO] django.server:213 "POST /orders/prepare/ HTTP/1.1" 200 268
2025-12-01 19:10:40 [INFO] django.server:213 "POST /orders/prepare/ HTTP/1.1" 200 268
2025-12-01 19:10:40 [INFO] django.server:213 "POST /orders/prepare/ HTTP/1.1" 200 268
2025-12-01 19:10:40 [INFO] django.server:213 "POST /orders/prepare/ HTTP/1.1" 200 268
2025-12-01 19:10:40 [INFO] django.server:213 "POST /orders/prepare/ HTTP/1.1" 200 268
2025-12-01 19:10:40 [INFO] django.server:213 "POST /orders/prepare/ HTTP/1.1" 200 268
2025-12-01 19:10:40 [INFO] django.server:213 "POST /orders/prepare/ HTTP/1.1" 200 268
2025-12-01 19:10:40 [INFO] django.server:213 "POST /orders/prepare/ HTTP/1.1" 200 268
2025-12-01 19:10:40 [INFO] django.server:213 "POST /orders/prepare/ HTTP/1.1" 200 268
2025-12-01 19:10:40 [INFO] django.server:213 "POST /orders/prepare/ HTTP/1.1" 200 268
2025-12-01 19:10:40 [INFO] django.server:213 "POST /orders/prepare/ HTTP/1.1" 200 268
2025-12-01 19:10:40 [INFO] django.server:213 "POST /orders/prepare/ HTTP/1.1" 200 268
2025-12-01 19:10:40 [INFO] django.server:213 "POST /orders/prepare/ HTTP/1.1" 200 268
2025-12-01 19:10:41 [INFO] django.server:213 "POST /orders/prepare/ HTTP/1.1" 200 268
2025-12-01 19:10:41 [INFO] django.server:213 "POST /orders/prepare/ HTTP/1.1" 200 268
2025-12-01 19:10:41 [INFO] django.server:213 "POST /orders/prepare/ HTTP/1.1" 200 268
2025-12-01 19:10:41 [INFO] django.server:213 "POST /orders/prepare/ HTTP/1.1" 200 268
2025-12-01 19:10:41 [INFO] django.server:213 "POST /orders/prepare/ HTTP/1.1" 200 268
2025-12-01 19:10:41 [INFO] django.server:213 "POST /orders/prepare/ HTTP/1.1" 200 268
2025-12-01 19:10:41 [INFO] django.server:213 "POST /orders/prepare/ HTTP/1.1" 200 268
2025-12-01 19:10:41 [INFO] django.server:213 "POST /orders/prepare/ HTTP/1.1" 200 268
2025-12-01 19:10:41 [INFO] django.server:213 "POST /orders/prepare/ HTTP/1.1" 200 268
2025-12-01 19:10:41 [INFO] django.server:213 "POST /orders/prepare/ HTTP/1.1" 200 268
2025-12-01 19:16:02 [INFO] django.server:213 "GET /products/51/ HTTP/1.1" 200 7059
2025-12-01 19:16:02 [WARNING] django.request:253 Not Found: /.well-known/appspecific/com.chrome.devtools.json
2025-12-01 19:16:02 [WARNING] django.server:213 "GET /.well-known/appspecific/com.chrome.devtools.json HTTP/1.1" 404 2929
2025-12-01 19:28:02 [INFO] django.server:213 "GET /products/51/ HTTP/1.1" 200 7029
2025-12-01 19:28:02 [WARNING] django.request:253 Not Found: /.well-known/appspecific/com.chrome.devtools.json
2025-12-01 19:28:02 [WARNING] django.server:213 "GET /.well-known/appspecific/com.chrome.devtools.json HTTP/1.1" 404 2929
2025-12-01 19:28:02 [INFO] django.server:213 "GET /static/product/detail.js HTTP/1.1" 200 2364
2025-12-01 19:28:06 [INFO] django.server:213 "POST /orders/prepare/ HTTP/1.1" 200 268
2025-12-01 19:28:06 [INFO] django.server:213 "POST /orders/prepare/ HTTP/1.1" 200 268
2025-12-01 19:28:41 [INFO] django.server:213 "GET / HTTP/1.1" 200 22789
2025-12-01 19:28:43 [WARNING] django.request:253 Not Found: /favicon.ico
2025-12-01 19:28:43 [WARNING] django.server:213 "GET /favicon.ico HTTP/1.1" 404 2818
2025-12-01 19:29:00 [INFO] django.server:213 "GET /products/50/ HTTP/1.1" 200 8846
2025-12-01 19:29:00 [INFO] django.server:213 "GET /static/product/detail.js HTTP/1.1" 304 0
2025-12-01 19:29:01 [INFO] django.server:213 "POST /orders/prepare/ HTTP/1.1" 200 262
2025-12-01 19:29:01 [INFO] django.server:213 "POST /orders/prepare/ HTTP/1.1" 200 262
